58,161 57,161 56,162 55,163 54,164 53,165 53,166 53,167 52,168 52,169 51,169 50,169 50,168 49,167 48,168 47,168 46,168 45,168 44,168 43,169 42,169 41,169 40,170 40,171 39,171 38,172 38,173 37,174 36,175 36,176 35,177 34,178 33,178 32,179 31,180 30,181 29,182 29,183 30,184 31,184 32,184 33,184 34,183 35,182 36,182 37,181 37,180 36,180
11,28 10,29 11,30 12,29
164,86 163,86 162,86 161,86 160,87 159,88 159,89 159,90 158,91 158,92 158,93 157,94 157,95 157,96 157,97 157,98 157,99 156,100 157,101 157,102 157,103 158,104 159,104 160,104 161,104 162,103 163,102 163,101 164,100 164,99 164,98 165,97 166,96 167,95 167,94 167,93 166,92 165,91 165,90 165,89 165,88 165,87
74,51 73,52 72,53 72,54 72,55 71,56 70,57 69,58 68,59 67,60 67,61 68,62 68,63 69,64 70,65 71,66 71,67 72,68 73,67 74,67 75,68 75,69 74,70 73,71 72,72 71,72 70,73 70,74 69,75 70,76 70,77 71,78 71,79 71,80 72,81 73,82 74,81 74,80 74,79 74,78 74,77 74,76 75,75 76,74 77,74 78,73 79,73 80,73 81,72 80,71 79,70 79,69 78,68 78,67 77,66 76,65 75,64 74,64 73,63 73,62 73,61 73,60 74,60 75,59 76,59 77,59 78,58 79,57 80,57 81,56 82,55 83,54 83,53 83,52 83,51 83,50 83,49 83,48 83,47 83,46 83,45 84,44 83,43 82,43 81,42 80,41 79,40 78,39 77,38 76,37 76,36 77,35 78,35 79,35 80,34 81,33 82,32 82,31 82,30 82,29 82,28 82,27 83,26 84,25 85,24 86,24 87,24 87,25 87,26 86,27 85,28 86,29 86,30 87,31 88,32 89,31 89,30 90,29 91,28 91,27 92,26 91,25 91,24 92,23 92,22 93,21 93,20 92,19 92,18 91,17 90,16 89,16 88,17 88,18 87,19 86,20 85,20 84,20 83,20 82,20 81,21 81,22 81,23 80,24 80,25 79,25 78,25 77,26 76,26 75,26 74,27 73,27 72,26 71,26 70,25 69,25 68,24 68,23 69,22 69,21 70,20 70,19 70,18 71,17 72,17 73,16 74,16 75,17 76,18 77,18 78,18 79,18 80,17 80,16 79,15 79,14 78,13 77,14 76,14 75,14 74,14 73,14 72,13 71,13 70,13 69,12 68,12 67,11 66,11 65,11 64,11 63,12 62,13 63,14 64,14 65,15 65,16 65,17 64,17 63,18 62,18 61,19 61,20 61,21 61,22 62,23 63,24 64,25 65,25 65,26 65,27 65,28 65,29 65,30 66,31 67,31 68,32 68,33 68,34 68,35 68,36 67,36 66,37 65,37 64,38 63,38 62,39 61,39 60,40 59,40 58,41 57,42 56,43 55,44 55,45 55,46 55,47 56,48 56,49 57,50 58,51 58,52 58,53 58,54 58,55 59,56 59,57 60,58 61,58 62,58 63,57 63,56 64,55 64,54 64,53 63,52 62,51 61,50 61,49 61,48 61,47 62,46 63,46 64,45 65,45 66,44 66,43 67,42 67,41 68,40 69,40 70,40 71,40 71,41 72,42 73,43 74,44 75,44 76,45 76,46 76,47 76,48 77,49 77,50 77,51 77,52 76,52 75,52
24,36 23,35 22,35 21,35 20,35 19,35 18,35 17,36 17,37 17,38 18,39 19,39 20,40 21,40 22,40 23,40 24,40 24,41 25,42 25,43 26,44 27,44 28,44 29,44 30,44 31,43 32,43 33,43 34,44 35,43 36,42 36,41 35,40 34,40 33,39 32,38 31,38 30,38 29,37 28,37 27,38 26,38 25,37
127,3 126,4 125,4 124,5 125,6 125,7 124,8 124,9 123,10 122,11 121,12 121,13 121,14 122,15 123,15 124,15 125,14 126,14 127,14 128,14 129,14 130,13 130,12 130,11 130,10 130,9 130,8 130,7 129,6 129,5 128,4
191,229 192,229 193,229 194,230 194,231 194,232 194,233 194,234 194,235 194,236 195,237 196,237 197,237 198,237 199,237 200,238 201,238 202,239 203,240 203,241 202,242 202,243 201,244 201,245 201,246 201,247 200,248 199,249 198,249 197,249 196,249 195,249 194,249 193,249 192,249 191,248 192,247 193,247 194,247 195,247 196,247 197,246 198,245 198,244 197,243 196,242 195,241 194,240 193,240 192,240 191,239 190,238 189,237 188,236 188,235 188,234 189,233 190,232 190,231 190,230
142,90 141,91 140,91 139,92 138,93 138,94 137,95 137,96 137,97 138,98 139,99 140,100 141,100 142,100 143,101 144,101 145,101 146,101 147,100 148,99 148,98 149,97 149,96 150,95 151,94 152,93 151,92 150,91 149,91 148,91 147,91 146,91 145,91 144,91 143,91
238,184 237,184 236,184 235,183 234,182 233,181 232,181 231,180 230,179 230,178 230,177 230,176 230,175 229,174 228,173 227,172 226,172 225,173 224,173 223,173 222,174 223,175 223,176 224,177 224,178 224,179 223,180 222,180 221,181 220,181 219,182 219,183 219,184 220,185 220,186 220,187 220,188 219,189 220,190 221,191 222,191 223,191 224,191 225,192 226,192 227,193 228,192 229,191 229,190 229,189 229,188 229,187 228,187 227,187 226,187 225,187 224,187 224,186 225,185 226,184 227,185 228,186
108,199 107,200 106,200 105,199 104,198 104,197 105,196 106,195 107,194 108,195 109,196 109,197 109,198
103,6 102,7 102,8 101,8 100,9 101,10 101,11 101,12 101,13 102,14 103,15 104,15 105,15 106,14 106,13 106,12 106,11 105,10 105,9 104,8 104,7
202,130 201,130 200,130 199,131 198,132 197,133 198,134 199,135 200,135 201,135 202,134 203,134 204,133 204,132 203,131
62,228 63,228 64,229 65,230 65,231 65,232 66,233 66,234 67,235 67,236 67,237 67,238 67,239 67,240 66,241 65,242 64,243 63,243 62,244 61,243 60,242 60,241 60,240 60,239 61,238 61,237 61,236 61,235 61,234 60,233 60,232 60,231 60,230 61,229
42,231 41,231 40,231 39,230 38,230 37,229 36,229 35,229 34,230 33,230 32,230 31,231 30,232 29,232 28,233 28,234 27,235 28,236 29,237 29,238 30,239 31,240 31,241 32,242 33,243 33,244 34,245 35,244 36,244 37,243 38,243 39,242 39,241 39,240 38,239 37,239 36,238 35,237 35,236 35,235 36,234 37,234 38,234 39,234 40,234 41,233 42,233 43,232
153,231 154,231 155,232 156,233 156,234 156,235 156,236 156,237 157,237 158,236 159,236 160,236 161,236 162,236 163,236 164,237 165,238 166,239 166,240 167,241 167,242 167,243 167,244 167,245 167,246 166,247 165,247 164,247 163,246 162,246 161,246 160,245 161,244 160,243 159,243 158,242 157,242 156,242 155,242 154,242 153,242 152,242 151,241 151,240 150,239 150,238 149,237 148,236 149,235 149,234 150,233 151,232 152,232
105,204 104,204 103,205 102,206 101,207 101,208 102,209 103,210 104,211 105,212 106,212 107,212 108,211 108,210 108,209 108,208 108,207 107,206 106,205
140,206 139,207 138,208 138,209 137,210 137,211 136,212 135,212 134,212 133,213 132,214 131,215 131,216 130,217 129,217 128,217 127,216 126,215 125,214 124,215 123,216 123,217 124,218 124,219 125,220 126,220 127,220 128,220 129,220 130,220 131,220 132,220 133,220 134,220 135,219 135,218 135,217 136,216 137,215 138,214 139,214 140,214 141,214 142,214 143,213 143,212 144,211 144,210 143,209 143,208 142,207 141,207
113,132 112,131 111,131 110,130 109,130 108,130 107,130 106,131 105,132 104,133 105,134 106,134 107,135 108,136 108,137 108,138 108,139 108,140 109,141 110,141 111,141 112,141 113,140 114,139 115,138 115,137 115,136 115,135 114,134 114,133
105,106 106,106 107,106 108,107 109,108 109,109 110,110 111,111 110,112 110,113 110,114 110,115 110,116 110,117 110,118 110,119 111,120 111,121 111,122 112,123 111,124 110,125 109,124 108,124 107,123 107,122 107,121 107,120 106,119 105,119 104,118 104,117 103,116 102,115 101,115 100,115 99,115 98,115 97,114 97,113 98,112 99,111 100,110 101,110 102,110 103,109 104,108 104,107
14,32 13,32 12,32 11,33 10,34 10,35 10,36 9,37 8,37 7,38 6,38 5,38 4,38 3,39 2,39 1,39 0,40 0,41 0,42 0,43 0,44 0,45 0,46 1,47 2,47 3,47 4,48 5,47 6,47 7,46 7,45 8,44 8,43 8,42 8,41 9,40 10,39 11,39 12,38 13,37 14,36 15,35 15,34 15,33
185,70 184,71 183,72 182,73 181,74 180,74 179,74 178,73 177,73 176,73 175,74 174,75 174,76 173,76 172,76 171,76 170,76 169,77 168,78 168,79 167,80 167,81 167,82 167,83 167,84 167,85 167,86 168,87 169,86 169,85 170,85 171,85 172,84 173,83 174,82 174,81 174,80 175,80 176,80 177,79 178,79 179,79 180,79 180,78
193,11 194,11 195,12 195,13 195,14 195,15 194,16 193,17 192,18 191,18 190,18 189,18 188,17 188,16 188,15 189,14 190,13 191,12 192,12
70,115 69,114 68,114 68,113 68,112 69,111 69,110 70,109 71,108 71,107 71,106 71,105 71,104 71,103 72,102 72,101 72,100 72,99 71,98 70,98 69,98 68,99 67,98 66,98 66,97 65,96 65,95 65,94 65,93 66,92 67,92 68,92 69,93 70,93 71,94 72,94 73,95 74,95 75,95 76,95 77,96 78,95 79,94 80,93 81,92 82,91 83,90 83,89 82,88 81,87 80,87 79,87 78,88 77,88 76,89 75,89 74,89 74,88 73,87 72,87 71,86 70,86 69,85 68,86 68,87 67,88 66,88 65,88 65,87 66,86 65,85 65,84 65,83 64,82 63,82 62,82 61,82 60,81 59,82 59,83 58,84 59,85 60,86 61,87 61,88 61,89 60,90 60,91 60,92 59,92 58,93 58,94 57,95 56,96 56,97 57,98 58,99 59,100 60,100 61,101 62,102 63,103 64,103 65,104 66,104 67,104 67,105 67,106 66,107 65,107 64,107 63,107 62,107 61,108 60,109 60,110 61,111 62,112 63,113 64,113 65,114 65,115 65,116 65,117 65,118 66,119 67,120 68,120 69,120 70,119 71,118 71,117 71,116
140,132 140,133 140,134 140,135 140,136 139,137 139,138 138,139 137,140 136,141 135,142 134,143 133,143 132,143 131,142 131,141 130,140 130,139 131,138 132,137 133,136 134,136 135,135 136,134 136,133 136,132 135,131 134,130 133,129 133,128 134,127 135,126 136,125 137,125 138,126 139,127 139,128 140,129 140,130 140,131
41,20 40,20 39,20 38,20 37,21 36,21 35,20 34,21 33,21 32,20 31,20 30,21 29,22 28,23 28,24 27,25 26,26 26,27 25,28 25,29 25,30 26,31 27,31 28,31 29,30 30,29 31,29 32,28 33,27 34,27 35,27 36,27 37,27 38,27 39,27 40,27 41,27 42,27 43,27 44,27 45,27 46,27 47,26 47,25 46,24 45,24 44,23 44,22 43,21 42,21
46,188 47,188 48,188 49,189 50,190 51,190 52,191 53,191 54,192 54,193 53,194 52,195 51,195 50,195 49,195 48,195 47,194 46,194 47,193 46,192 45,192 44,191 43,192 42,193 42,194 42,195 41,195 40,195 39,195 38,195 37,194 36,193 35,193 34,193 33,193 32,194 32,195 32,196 33,197 34,198 34,199 35,200 36,201 37,201 38,201 39,200 40,199 41,198 42,197 43,197 44,197 45,198 46,198 47,199 48,199 49,199 50,199 51,199 52,199 52,200 53,201 53,202 54,203 55,203 56,202 57,201 57,200 57,199 57,198 58,197 58,196 58,195 58,194 58,193 57,192 57,191 57,190 57,189 57,188 57,187 57,186 56,185 56,184 57,183 57,182 57,181 57,180 57,179 56,178 55,178 54,178 53,178 52,179 51,180 50,181 51,182 51,183 51,184 50,185 49,185 48,185 47,185 46,184 45,184 44,184 43,185 42,185 41,185 41,184 40,183 39,184 38,185 38,186 39,187 40,187 41,187 42,187 43,188 44,189 45,189
110,4 109,5 109,6 109,7 109,8 110,9 111,10 112,11 113,11 114,10 115,9 115,8 116,7 117,6 118,6 119,6 120,6 121,5 122,5 123,5 124,4 125,3 126,3 127,3 128,2 129,1 128,0 127,0 126,0 125,0 124,0 123,0 122,0 121,0 120,1 119,1 118,2 117,2 116,2 115,1 114,1 113,2 113,3 112,4 111,5
48,38 47,38 46,38 45,38 44,39 43,39 42,40 41,41 41,42 40,43 41,44 42,45 43,46 43,47 44,48 45,48 46,48 47,49 48,48 49,47 50,47 51,46 51,45 51,44 51,43 51,42 50,41 49,40 49,39
145,66 144,67 145,68 146,67
149,110 150,110 151,111 152,111 153,112 154,113 155,113 156,112 157,111 158,111 158,110 159,109 160,110 161,110 162,111 163,112 163,113 162,114 162,115 161,116 160,117 159,118 158,119 157,120 156,120 155,119 154,118 154,117 153,116 152,116 151,116 150,116 149,116 148,117 147,116 147,115 147,114 147,113 147,112 148,111
102,26 101,26 100,27 99,28 98,29 98,30 97,31 97,32 96,33 95,33 94,34 93,35 93,36 93,37 93,38 92,39 92,40 92,41 93,42 94,43 95,43 96,43 97,44 98,43 98,42 99,42 100,43 101,43 102,44 103,44 104,43 105,42 105,41 105,40 105,39 105,38 106,37 107,37 108,36 108,35 109,35 110,34 111,34 112,33 113,32 113,31 114,30 114,29 113,28 112,27 111,27 110,26 109,26 108,26 107,27 106,27 105,28 104,28 103,27
216,243 215,244 214,244 213,245 212,245 211,245 210,244 210,243 210,242 210,241 210,240 209,239 209,238 208,237 207,238 206,239 205,240 205,241 206,242 206,243 206,244 206,245 206,246 206,247 206,248 207,249 208,249 209,249 210,249 211,249 212,249 213,249 214,249 215,249 216,249 217,249 218,249 219,249 220,249 221,249 222,249 223,249 224,249 225,248 225,247 226,246 226,245 226,244 225,243 224,243 223,243 222,243 221,243 220,244 219,245 218,245 217,244
50,241 51,241 52,241 53,241 54,242 55,243 55,244 55,245 55,246 55,247 55,248 54,249 53,249 52,249 51,249 50,248 49,247 49,246 48,245 48,244 48,243 49,242
104,74 103,75 104,76 105,75
242,227 241,227 240,227 239,227 238,228 237,228 236,227 235,226 234,226 233,226 232,227 232,228 231,229 230,229 229,229 228,229 227,230 226,231 226,232 227,233 228,233 229,233 230,233 231,232 232,232 233,232 233,233 234,234 235,235 236,235 236,236 235,237 234,238 235,239 235,240 235,241 236,242 237,242 238,241 239,240 240,239 241,238 241,237 241,236 240,235 240,234 241,233 242,232 243,231 243,230 243,229 243,228
143,158 143,157 142,156 141,156 140,157 140,158 140,159 141,160 142,161 142,162 143,163 144,162 144,161 144,160 144,159
117,209 116,209 115,209 114,210 113,211 112,211 111,211 110,212 109,213 108,214 107,215 107,216 107,217 107,218 108,219 109,220 110,220 111,219 112,219 113,219 114,219 115,218 115,217 116,216 116,215 116,214 117,213 118,212 118,211 118,210
85,139 85,138 84,137 84,136 84,135 84,134 84,133 84,132 84,131 83,130 82,130 81,130 80,131 79,131 78,132 77,132 76,133 76,134 75,135 75,136 74,136 73,136 72,136 71,136 70,135 69,136 69,137 69,138 70,139 71,140 72,141 73,141 74,140 75,140 76,139 77,139 78,139 79,139 80,139 81,139 82,139 83,140 83,141 83,142 83,143 84,144 85,145 86,144 87,143 86,142 86,141 86,140
47,63 47,62 47,61 47,60 46,59 45,58 44,58 43,59 43,60 42,60 41,61 42,62 43,63 44,64 45,64 46,64
6,1 5,2 6,3 7,2
93,222 92,221 91,220 90,220 89,219 88,218 87,217 86,217 85,216 84,217 83,217 82,218 82,219 81,220 80,221 79,222 78,222 77,223 76,224 75,225 75,226 76,227 77,227 78,228 79,228 80,228 81,227 82,227 83,226 82,225 82,224 83,223 84,222 85,222 86,222 87,223 88,223 89,224 90,224 90,225 91,226 92,226 93,226 94,225 94,224 94,223
66,217 65,218 66,219 67,218
183,94 182,95 181,95 180,95 179,95 178,96 179,97 178,98 177,99 177,100 176,101 177,102 178,103 179,104 180,105 180,106 181,107 181,108 182,109 183,109 184,109 185,109 186,109 187,110 188,109 189,110 190,110 191,110 192,110 193,110 194,110 195,111 196,110 197,109 198,108 199,107 200,106 200,105 200,104 200,103 200,102 201,101 200,100 199,99 199,98 199,97 199,96 199,95 200,94 201,93 202,92 202,91 203,90 203,89 203,88 203,87 204,86 204,85 205,84 206,83 206,82 207,81 207,80 207,79 207,78 206,77 205,77 204,76 204,75 204,74 203,74
41,205 40,205 39,204 38,204 37,204 36,204 35,205 34,206 33,206 32,206 31,207 30,208 30,209 31,210 32,211 33,212 34,211 35,210 36,210 35,209
245,7 245,6 244,5 243,5 242,5 241,5 240,5 239,5 238,5 237,5 236,6 236,7 236,8 236,9 237,10 238,11 239,11 240,11 241,10 242,9 243,9 244,8
129,125 129,126 130,127 130,128 129,129 128,128 127,127 126,126 125,125 124,125 123,125 122,125 121,124 120,123 120,122 120,121 121,120 121,119 122,118 123,118 124,118 125,118 126,119 127,119 128,118 129,118 130,119 131,120 130,121 130,122 130,123 129,124
115,67 116,67 117,67 118,68 119,69 119,70 120,71 121,71 122,71 123,71 124,71 125,72 126,73 126,74 126,75 125,76 125,77 124,78 125,79 126,79 127,80 128,81 129,81 130,81 131,81 132,82 132,83 131,84 130,85 129,84 128,83 127,83 126,84 125,84 124,84 123,84 122,83 122,82 122,81 122,80 122,79 122,78 121,78 120,78 119,78 118,79 117,80 117,81 117,82 117,83 117,84 118,85 118,86 119,86 120,85 121,85 122,85 123,86 124,87 124,88 124,89 123,90 122,90 121,90 120,89 119,89 118,88 117,88 116,88 116,89 116,90 116,91 116,92 115,93 115,94 115,95 115,96 116,97 117,97 118,98 118,99 119,100 120,101 121,101 122,101 123,101 124,102 125,102 126,102 126,101 126,100 126,99 125,98 124,97 124,96 124,95 124,94 125,93 126,92 127,91 128,91 129,92 130,93 131,94 131,95 131,96 132,97 132,98 132,99 132,100 133,101 133,102 133,103 133,104 132,105 131,106 130,107 130,108 130,109 130,110 129,111 129,112 128,113 127,113 126,113 125,112 124,111 123,110 122,110 121,109 120,109 119,109 118,108 118,107 118,106 118,105 118,104 118,103 117,103 116,102 115,102 114,102 113,101 112,101 111,100 110,99 109,99 108,98 108,97 109,96 110,95 111,95 112,94 112,93 111,92 111,91 111,90 111,89 111,88 111,87 110,86 110,85 110,84 111,83 110,82 111,81 112,80 112,79 111,79 110,79 109,79 108,80 107,81 106,80 105,80 104,79 103,79 102,80 101,80 100,80 99,79 98,79 97,78 97,77 98,76 99,76 100,76 101,76 102,76 103,77 104,76 105,76 106,75 107,74 108,74 109,74 110,75 111,76 112,76 113,75 114,74 114,73 115,72 115,71 114,70 114,69 114,68
208,167 209,167 210,167 211,167 212,167 213,168 214,169 214,170 213,171 212,172 211,172 210,173 209,173 209,174 208,175 208,176 208,177 207,178 206,178 205,179 204,179 203,178 203,177 204,177
231,61 230,60 230,59 229,58 229,57 229,56 228,55 227,54 226,53 225,53 224,54 223,53 222,54 222,55 222,56 222,57 222,58 223,59 223,60 224,61 225,62 226,62 227,62 227,63 228,64 229,65 230,65 231,65 232,65 233,64 233,63 232,62
79,168 78,168 77,168 76,169 75,170 75,171 74,172 73,173 74,174 74,175 74,176 74,177 75,178 76,179 76,180 77,181 78,181 79,182 80,183 81,183 82,183 83,183 84,183 85,183 86,183 87,183 88,182 89,181 89,180 90,179 90,178 90,177 89,176 88,176 87,177 86,177 85,178 84,178 83,178 82,178 81,177 81,176 80,175 81,174 82,173 83,172 84,171 83,170 82,169 81,169 80,169
30,103 29,104 28,105 27,105 26,106 27,107 26,108 26,109 25,110 24,110 23,110 23,109 23,108 22,107 21,106 20,107 20,108 20,109 20,110 21,111 21,112 21,113 21,114 21,115 21,116 21,117 21,118 20,119 20,120 20,121 21,122 21,123 22,124 23,124 23,125 23,126 23,127 22,128 22,129 21,130 20,131 19,132 20,133 21,133 21,134 22,135 23,136 24,137 25,137 26,137 27,136 27,135 27,134 27,133 26,132 26,131 26,130 26,129 27,128 28,127 29,126 30,125 31,125 32,124 31,123 30,122 30,121 29,120 28,119 28,118 28,117 29,116 30,115 31,114 32,113 32,112 32,111 32,110 32,109 32,108 32,107 32,106 32,105 31,104
48,97 47,97 46,98 45,99 45,100 45,101 44,102 44,103 43,103 42,103 41,104 40,105 39,106 39,107 40,108 40,109 41,110 42,111 43,112 44,112 45,113 44,114 44,115 44,116 44,117 45,118 46,119 47,119 48,118 49,118 50,117 51,117 52,117 53,116 54,115 54,114 53,113 52,113 51,113 50,113 49,112 48,112 47,112 47,111 47,110 47,109 46,108 46,107 46,106 46,105 47,104 48,104 49,103 50,102 50,101 50,100 49,99 49,98
20,180 19,180 18,181 18,182 18,183 18,184 18,185 18,186 17,187 16,187 15,187 14,187 13,187 12,186 11,185 10,185 9,184 8,183 7,182 6,182 5,182 4,183 4,184 4,185 4,186 5,187 6,188 7,189 8,190 9,191 10,191 11,192 12,192 13,192 14,192 15,192 16,193 16,194 15,195 15,196 14,197 14,198 14,199 15,200 16,201 17,200 18,199 19,198 19,197 19,196 19,195 19,194 19,193 19,192 19,191 19,190 20,189 20,188 20,187 21,187 22,186 23,185 23,184 23,183 22,182 21,181
182,199 181,199 181,198 180,197 179,196 178,195 178,194 179,193 180,192 181,191 181,190 180,189 179,189 178,189 177,189 176,190 175,191 175,192 175,193 174,194 173,194 173,193 172,192 171,192 171,191 170,190 169,191 168,190 167,191 166,192 165,193 165,194 165,195 165,196 166,197 167,198 168,198 169,198 170,198 171,198 171,199 172,200 173,199 174,200 174,201 174,202 174,203 174,204 173,205 174,206 175,206 176,206 177,206 178,206 179,207 180,208 180,209 181,210 182,211 183,212 182,213 181,214 180,214 179,214 178,214 177,214 176,214 175,215 174,216 175,217 176,217 177,218 178,219 179,219 180,219 181,219 182,220 183,220 184,221 184,222 184,223 184,224 185,225 186,224 186,223 186,222 186,221 187,220 187,219 188,218 188,217 187,216 187,215 186,214 186,213 185,212 185,211 184,210 184,209 184,208 183,207 183,206 183,205 183,204 183,203 182,202 182,201 183,200
49,89 48,90 47,90 46,91 45,90 44,90 44,89 44,88 44,87 43,86 42,85 41,84 40,84 39,85 38,85 37,86 38,87 39,88 40,89 40,90 41,91 41,92 40,93 40,94 41,95 42,96 43,96 44,96 45,96 46,95 47,95 48,94 49,94 50,93 51,92 51,91 50,90
207,99 208,99 209,99 210,99 211,100 211,101 210,102 210,103 210,104 210,105 209,106 209,107 208,108 207,109 206,109 205,109 204,108 203,107 202,106 202,105 203,104 204,103 204,102 205,101 206,100
58,0 57,0 56,0 55,0 54,0 53,0 52,0 51,0 50,0 49,0 48,0 47,0 46,0 45,0 44,0 43,0 42,1 41,2 41,3 40,4 39,5 38,6 37,7 36,8 35,9 35,10 36,11 37,12 38,12 39,12 40,12 41,13 42,12 43,11 44,10 45,9 45,8 45,7 46,6 47,5 47,4 48,3 49,3 50,3 51,3 52,3 53,3 54,3 55,4 56,4 57,4 58,4 59,3 59,2 59,1
117,35 116,35 115,35 114,35 113,35 112,36 112,37 111,38 111,39 110,40 110,41 109,42 110,43 111,43 112,44 113,45 114,45 115,44 116,43 117,42 118,41 119,40 119,39 119,38 119,37 118,36
3,70 2,71 2,72 1,73 0,74 0,75 1,76 0,77 0,78 0,79 0,80 0,81 0,82 1,83 2,82 3,82 4,81 5,80 6,79 7,79 8,80 9,80 10,80 11,80 12,79 13,79 14,79 15,79 15,78
179,61 180,61 180,62
211,121 210,121 209,121 208,120 207,120 206,120 205,119 204,118 203,117 202,116 201,116 200,117 200,118 200,119 200,120 201,121 202,121 203,121 204,122 205,122 206,122 207,123 208,124 209,125 210,125 211,125 212,124 212,123 212,122
48,129 47,129 46,129 45,129 44,129 43,129 42,129 41,130 40,131 40,132 40,133 41,134 42,135 43,136 43,137 43,138 43,139 42,139 41,140 40,141 39,142 38,143 38,144 38,145 38,146 38,147 38,148 38,149 37,150 38,151 37,152 38,153 39,154 40,154 41,154 42,153 43,153 44,152 44,151 44,150 44,149 44,148 44,147 43,146 44,145 44,144 45,143 45,142 46,141 47,141 48,140 49,139 50,139 51,138 50,137 51,136 52,135 52,134 52,133 53,133 54,132 53,131 52,131 51,131 50,131 49,130
164,3 164,2 164,1 163,0 162,1 162,2 162,3 163,4
86,241 85,241 84,241 83,241 82,242 81,242 80,243 79,244 78,245 78,246 78,247 78,248 79,249 80,249 81,249 82,249 83,249 84,249 85,248 86,247 87,247 88,246 89,245 90,244 89,243 88,242 87,242
144,162 145,162 146,162 147,162 148,163 149,164 149,165 149,166 148,167 147,167 146,166 145,165 144,165 143,164 143,163
190,26 189,26 188,26 187,27 186,28 185,28 184,29 185,30 185,31 186,32 187,32 188,33 189,33 190,33 191,33 192,34 193,34 194,34 195,34 196,34 197,33 198,32 199,31 200,30 201,30 202,29 201,28 200,27 199,26 198,25 197,25 196,25 195,25 194,26 193,26 192,27 191,27
141,145 140,145 139,146 138,146 137,147 136,147 135,148 135,149 136,150 137,151 138,152 139,153 140,154 141,153 142,152 143,151 144,150 144,149 143,148 142,147 142,146
240,203 239,203 238,203 238,202 238,201 238,200 238,199 238,198 238,197 237,196 236,196 235,196 234,196 233,197 232,198 231,199 230,200 229,200 228,201 227,201 226,201 225,200 224,199 223,198 222,198 221,199 221,200 221,201 221,202 221,203 222,204 222,205 223,206 224,207 225,207 226,207 227,207 228,206 229,205 230,205 231,204 232,205 233,205 234,205 235,205 236,205 237,206 238,207 239,208 240,209 240,210 241,211 242,211 243,211 244,210 244,209 244,208 244,207 244,206 244,205 243,204 242,203 241,203
99,71 100,71 101,71 102,71 103,70 104,69 103,68 102,67 101,66 100,66 99,65 99,64 99,63 100,62 101,61 102,60 103,60 104,60 105,60 106,60 107,59 108,58 109,57 108,56 108,55 107,54 106,54 105,54 104,55 103,55 102,56 101,56 100,57 99,57 98,58 98,59 97,60 96,61 96,62 95,62 94,63 93,63 92,63 91,62 90,61 89,60 88,59 87,58 86,59 85,60 85,61 85,62 86,63 87,64 88,65 89,66 90,66 91,67 91,68 91,69 90,70 90,71 90,72 90,73 89,74 89,75 90,76 91,75 92,75 93,75 94,74 95,73 96,72 97,71 98,72
219,45 218,45 217,45 216,46 215,46 214,47 213,48 213,49 213,50 214,51 214,52 215,53 216,54 217,54 218,54 219,53 219,52 219,51 220,50 220,49 220,48 220,47 220,46
59,112 58,113 59,114 60,113
210,30 209,30 208,30 207,30 206,31 206,32 207,33 207,34 208,35 209,36 209,37 208,38 208,39 208,40 209,41 210,41 211,41 212,40 213,39 213,38 214,37 214,36 215,36 216,36 217,35 218,34 219,33 218,32 218,31 219,30 220,29 220,28 220,27 220,26 220,25 219,24 218,23 218,22 219,21 219,20 219,19 219,18 220,17 220,16 220,15 220,14 220,13 219,12 218,11 217,11 216,11 215,11 214,11 213,11 212,12 212,13 212,14 212,15 213,16 214,17 215,18 215,19 215,20 215,21 214,22 213,22 212,22 211,23 211,24 212,25 213,26 214,27 215,28 215,29 215,30 215,31 214,32 213,32 212,31 211,31
142,216 143,216 144,216 145,216 146,217 147,218 147,219 147,220 147,221 147,222 146,223 145,222 144,223 143,223 142,223 141,222 141,221 140,220 139,219 140,218 141,218 141,217
183,172 184,172 185,172 186,173 186,174 187,175 188,175 189,175 190,175 191,175 192,175 193,175 194,174 195,173 196,174 197,175 197,176 196,177 195,178 194,178 193,179 192,180 191,180 190,180 189,180 188,180 187,179 186,179 186,180 185,181 185,182 184,183 183,183 182,184 181,183 181,182 181,181 180,180 180,179 180,178 180,177 180,176 181,175 180,174 181,173 182,173
75,193 74,194 74,195 74,196 74,197 74,198 74,199 75,200 76,201 77,201 78,200 79,199 80,198 81,197 82,197 83,198 84,198 85,199 86,199 87,199 88,198 89,198 90,197 90,196 90,195 89,194 88,193 87,193 86,192 85,192 85,191 84,190 84,189 83,188 82,187 81,188 81,189 80,190 80,191 80,192 80,193 80,194 79,194 78,194 77,194 76,194
193,201 192,200 191,200 190,201 189,201 188,202 189,203 190,204 191,204 192,204 193,203 194,202
111,66 110,65 109,65 108,64 107,64 106,65 107,66 106,67 105,68 104,69 105,70 106,71 107,71 108,71 109,70 110,69 111,68 112,67
181,126 180,127 179,128 179,129 178,130 178,131 178,132 179,133 180,134 181,135 181,136 182,137 183,137 184,138 185,138 186,138 187,138 188,137 189,136 189,135 189,134 190,133 191,132 192,131 192,130 192,129 191,128 190,128 189,128 188,128 187,129 186,129 185,129 184,129 183,128 182,127
53,148 53,147 53,146 52,145 51,145 51,144 50,143 49,144 49,145 49,146 49,147 49,148 48,149 48,150 47,151 47,152 47,153 48,154 47,155 46,156 46,157 45,157 44,157 43,157 42,157 41,157 40,158 40,159 40,160 41,161 42,162 43,162 44,162 45,162 46,162 47,161 48,161 49,160 50,159 51,158 51,157 51,156 51,155 50,154 51,153 52,152 52,151 53,150 54,149
65,166 66,166 67,166 68,166 69,166 70,167 70,168 71,169 70,170 69,170 69,171 68,172 68,173 67,174 67,175 67,176 66,177 65,178 64,178 63,178 62,177 61,178 60,177 59,176 59,175 60,174 61,174 61,173 61,172 62,171 62,170 63,169 63,168 64,167
231,220 232,220 233,220 234,221 234,222 234,223 234,224 234,225 233,226 232,226 231,225 230,224 229,223 229,222 230,221
207,185 206,184 205,184 204,184 203,184 204,183 204,182 204,181 204,180 204,179 203,178 202,178 201,178 200,179 199,180 198,181 198,182 198,183 198,184 198,185 197,186 197,187 198,188 198,189 199,190 200,189 201,190 202,191 203,191 204,192 205,192 206,191 207,190 207,189 208,188 208,187 208,186
248,36 247,37 246,38 245,39 245,40 244,41 243,42 242,42 241,43 240,43 239,44 238,45 239,46 240,46 241,47 242,47 243,47 244,48 245,48 246,48 247,48 248,49 249,48 249,47 249,46 248,45 248,44 248,43 247,42 248,41 249,40 249,39 249,38 249,37
28,60 29,60 30,61 31,61 32,62 33,62 34,62 35,62 36,62 37,63 38,64 38,65 38,66 37,67 36,67 35,68 34,69 34,70 34,71 33,72 32,73 31,74 30,74 29,73 28,72 27,71 28,70 28,69 28,68 29,67 29,66 29,65 28,64 27,63 26,62 27,61
201,39 200,40 199,41 199,42 198,42 197,42 196,42 196,41 196,40 195,39 194,38 193,38 192,38 191,38 190,39 191,40 192,41 192,42 193,43 194,44 194,45 193,46 192,47 191,47 190,47 189,48 190,49 191,49 192,49 193,49 194,50 195,50 196,50 197,50 198,49 199,50 200,49 200,48 201,47 201,46 202,45 202,44 203,43 204,42 204,41 203,40 202,40
8,50 7,50 6,50 5,50 4,50 3,50 2,50 1,51 0,52 0,53 0,54 1,55 2,56 3,57 4,56 5,55 6,55 7,56 7,57 8,58 8,59 9,60 10,60 10,61 11,62 11,63 11,64 12,65 13,66 14,66 15,66 16,66 17,66 18,66 19,66 20,66 21,65 21,64 21,63 20,62 19,61 19,60 18,59 17,59 16,58 15,58 14,58 13,57 13,56 13,55 13,54 13,53 13,52 12,51 11,51 10,50 9,50
224,38 223,39 222,40 221,41 221,42 220,43 220,44 219,45 220,46 221,46 222,46 223,46 224,46 225,45 226,44 226,43 226,42 226,41 225,40 225,39
238,19 237,20 237,21 237,22 237,23 237,24 237,25 236,26 235,26 234,25 233,25 232,25 231,24 230,25 229,25 228,25 227,25 226,25 225,26 224,27 224,28 225,29 226,30 227,30 228,30 229,31 230,31 231,32 231,33 232,34 233,35 234,35 235,34 236,33 236,32 236,31 237,30 237,29 238,29 239,29 240,30 241,30 242,30 243,30 244,30 245,31 245,32 246,33 247,33 248,33 249,32 249,31 249,30 249,29 248,28 247,28 246,28 245,28 244,27 244,26 243,25 242,24 241,23 240,22 239,21 239,20
96,85 95,85 94,85 93,86 92,86 91,86 90,86 89,87 88,88 89,89 90,89 91,90 92,90 93,91 94,92 95,92 96,92 97,92 98,91 98,90 99,90 100,89 101,88 100,87 99,87 98,87 98,88
6,65 7,65 8,66 8,67 8,68 7,69 6,70 5,71 4,70 4,69 4,68 4,67 5,66
198,160 197,161 196,161 195,160 194,159 193,159 192,159 191,160 190,161 190,162 190,163 189,164 188,165 187,166 187,167 187,168 188,169 189,169 190,170 191,170 192,170 193,170 194,169 195,169 196,168 197,168 198,168 199,167 200,167 201,166 202,166 203,165 204,164 204,163 205,162 206,161 207,161 208,160 209,159 209,158 209,157 209,156 208,155 207,154 206,155 205,156 204,157 203,157 202,158 203,159 202,160 201,160 200,161 199,161
171,216 170,216 169,216 168,217 167,218 168,219 169,219 170,218 171,218 172,217
159,187 160,187 161,186 160,185 159,184 158,183 157,182 156,181 155,182 154,183 154,184 154,185 155,186 156,187 157,188 158,188
100,122 101,122 102,122 103,122 104,123 104,124 104,125 103,126 102,127 101,126 100,126 99,125 99,124 99,123
202,19 201,19 200,20 199,21 199,22 199,23 200,24 201,24 202,24 203,25 204,25 205,26 206,26 207,25 208,24 207,23 207,22 207,21 206,20 205,20 204,19 203,19
118,213 117,214 118,215 119,214
207,132 206,133 205,134 205,135 206,136 207,137 207,138 207,139 207,140 208,141 209,142 210,142 211,142 212,141 213,141 214,140 213,139 212,138 211,137 210,136 210,135 209,134 208,133
224,1 223,1 222,2 221,2 220,3 220,4 220,5 221,6 222,7 223,7 224,7 225,6 226,6 227,5 228,5 229,6 230,6 231,7 232,6 233,5 233,4 234,3 234,2 234,1 233,0 232,0 231,0 230,0 229,0 228,1 227,2 226,2 225,2
99,197 98,197 97,197 96,198 95,199 94,200 93,201 92,201 91,202 90,203 89,204 88,205 88,206 88,207 89,208 90,209 91,210 92,210 93,209 94,208 94,207 94,206 95,205 96,204 97,203 97,202 98,201 99,200 99,199 100,198
73,173 72,174 73,175 74,174
