76,90 75,89 74,88 73,87 72,86 73,85 72,84 73,83 74,82 75,81 76,80 77,79 78,78 79,77 80,76 81,75 82,74 83,73 84,72 85,71
47,12 48,13
36,6 35,7 34,8 33,9 32,10 31,11 30,12 29,13 28,14 27,15 28,16 29,17 30,18 31,19 32,20 33,21 34,22 35,23 36,24 37,25 38,26 39,27 40,28 41,28 42,27 43,26 43,25
27,7 26,6 25,5 24,4 23,4 22,5 21,6 20,7 19,8 18,9 17,10 16,11 15,12 14,13 13,14 12,15 11,16 10,17 9,18 8,19 7,20 6,21 5,22 4,22 3,23 2,24 1,25 0,26 0,27 0,28 0,29 0,30
48,57 47,56 46,55 45,54 44,53 43,52 44,51 45,50 46,49 47,48 48,47 49,46
91,39 92,38 93,37 92,36 93,35 94,34 95,33 96,32 97,31 98,30 99,29 99,28 99,27 99,26 99,25 99,24 99,23 99,22 99,21 99,20 99,19 99,18 98,17 99,16 98,15 99,14 98,13 98,12 97,11 96,10 95,9
12,28 11,29 10,30 9,31 8,32 7,33 6,34 5,35 4,36 3,37 2,38 2,39 1,40 1,41 2,42 3,43 4,44 5,45 6,46 7,47 8,48 9,49 10,50
91,18 90,17 89,18 88,19 87,20 86,21 85,21 84,20 83,19 82,18 81,18 80,19 79,20 78,21 77,22 76,23 75,24 74,25 73,26 72,27 71,27 70,27 69,27 68,28 67,28 66,28 65,27 64,28 63,29 62,30 61,31
52,97 51,96 52,95 51,94 50,93 51,92 52,91 53,90 54,89 53,88 52,87 53,86 54,85 55,84 56,83 57,82 58,81 59,81 60,81 61,82 62,81 63,80 64,79 65,78 66,77 67,76 67,75 66,74 65,73 66,72 67,71 68,70
97,90 96,89 95,88 94,87 93,86 94,85 93,84 92,83 91,82 90,81 89,80 88,79 87,78 86,77 85,76 84,75 83,74 82,73 81,72 80,71 79,71 78,70 77,69 76,69 75,70 74,71
22,7 21,6 20,6 19,7 18,8 17,9
99,23 99,24 99,25 99,26 99,27 99,28 99,29 98,30 97,31 96,32 95,32 94,31 93,30 92,29 91,28 90,27 89,26 88,25 87,24 86,23 85,24
27,18 26,19 25,20 24,21 23,22 22,23 21,24 20,25 19,26 18,27 17,28 16,29 15,30 14,31 13,32 14,33 15,34 16,35 17,36
97,61 96,60 95,59 94,59 93,60 92,61 91,62 90,63 89,64 88,65 87,66 86,67 85,68 84,69 83,70 82,69 81,69 80,70 79,71 78,70 77,69 76,69 75,70
42,99 41,98 40,97 39,96 38,95 37,94 36,93 35,92 34,91 33,90 32,89 31,88 30,87 29,86 28,85 27,84 26,83 25,82 24,81 23,80 22,79 21,78 22,77 23,76
45,52 44,51 43,50 44,49 45,48 44,47 43,46 42,45 41,44 40,43 39,42 38,41 37,41 36,41
87,71 88,72 89,73 90,74 91,75 92,76 92,77 93,78 94,79 94,80 95,81 96,82
36,33 35,32 34,31 33,30 32,29 31,28 30,27 29,26 28,25 27,24 28,23 27,22 26,21 25,20 24,19 23,18 24,17 25,16 24,15 25,14 26,13 25,12 26,11 25,10 26,9 27,8 28,7 29,6 30,5 31,4 32,3
1,73 0,72 1,71 2,70 3,69 4,68 5,67 6,66 7,65 8,64 9,63 10,62 11,61 12,61 13,60 14,59 15,58 16,57 17,56 18,55 19,54 20,53 21,52 22,51 23,50 24,49 25,48
23,56 22,56 21,55 20,54 21,53 22,52 23,51 24,50 25,49 26,48 27,47 28,46 28,45 29,44 30,43 31,42 32,41 33,40 34,39 35,38 36,37 37,36 38,35 39,35 40,34 41,33 42,32 43,32 44,32 45,33 46,34 47,33
18,11 19,11 20,11 21,10 22,10 23,10 24,10 25,11 25,12 25,13 25,14 24,15 24,16 23,17 22,18 21,19 20,20 19,21 18,22 18,23 18,24 18,25 18,26 17,27 16,28 15,29 14,30 13,31 12,32 11,33 11,34 12,35
76,44 75,43 74,42 73,43 72,44 71,45 70,46 69,47 68,48 67,49 66,50 65,51 64,52 63,53 63,54 62,55 61,56 60,57 59,58 59,59 60,60 61,61 61,62 60,63 59,63 58,64 57,64 56,65 55,65 54,66 53,65 52,64 51,63 50,63 49,64 48,65
54,8 53,9 52,10 53,11 54,12 55,13 56,14 57,15 58,16 59,17 60,18 61,19 62,20 63,21 64,22 65,23 66,22 67,22 68,21 69,21 70,20 71,20 72,20 73,20 74,21 75,22 76,23 77,23 78,24 79,25 80,26
3,11 4,12 5,13 6,13 7,14 8,15 9,16 10,17 11,18 12,18 13,17 14,16 15,15 16,14 17,13 18,12 19,11 20,11 21,10 22,10 23,10 24,10 25,11 25,12 25,13 25,14 24,15 24,16 23,17 22,18 21,19 21,20 22,21 23,22 24,23 25,24 26,25
72,19 71,18 70,17 71,16 72,15 73,14 74,13 73,12
6,42 5,43 4,44 5,45 6,46 7,47 8,48 9,49 10,50 11,51 12,52 13,53 14,54 15,55 16,56 17,57 18,57
0,89 1,90 2,91 3,92 4,91 5,90 6,89 7,88 8,87 9,86 8,85 7,84 8,83
72,57 71,56 70,55 69,54 68,53 67,52 66,51 67,50 66,49 65,48 64,47 63,46 62,45 61,44 60,43 61,42 62,41 63,40 64,39 65,38 66,37 67,36 67,35 68,34 69,33 70,32
57,37 56,36 55,35 54,34 53,33 52,32 51,31 50,31 49,31 48,31 47,31 46,30 45,29 44,28 43,27 42,27 41,28 40,28 39,27 38,26 37,25 36,24 35,23 34,22 33,21 32,20 31,19 30,18 29,17 28,16 27,15 26,14 27,13
61,58 60,59 60,60 61,61 61,62 60,63 59,64 58,65 57,66 56,67 55,68 54,69 53,70 52,71 51,72 50,73 50,74 51,75 52,76 51,77 51,78 50,79 49,80 50,81 51,82 52,83 53,84 54,85 55,86
80,10 79,11 78,12 77,13 78,14 79,15 80,16 81,17 82,18 83,19 84,20 85,21 86,22 87,21
55,42 54,41 53,42 52,43 51,44 50,45 49,46 48,47 47,48 46,49 45,50 44,51 43,52 42,53 41,54 41,55 42,56 43,57 43,58 44,59 45,60 46,61 47,62 48,63 49,64
8,53 7,54 6,55 7,56 8,57 8,58 8,59 8,60 8,61 7,62 6,62 5,62 4,62 3,61 2,62 1,63
19,21 20,22 21,23 22,24 23,25 24,24 25,23
30,76 29,75 28,74 27,73 26,72 25,71 24,70 23,69 24,68 25,67 26,66 27,65 28,64 29,63 30,62 31,61 30,60 29,59 30,58 29,57 28,56 29,55 30,54 31,53 32,52 33,51
46,11 45,10 44,9 43,9 42,10 41,11 40,12 39,13 38,14 37,15 36,16 35,17 34,18 33,18 32,17 31,16 30,15 29,14 28,13 27,12 26,11 25,12
69,46 68,45 67,44 66,43 65,43 64,42 63,42 62,41 61,40 60,39 59,38 58,37 57,36 56,35 55,34 54,33 53,32 52,31 51,30 50,31 49,31 48,31 47,31 46,30 45,29 44,28 43,27 44,26 44,25
63,39 64,40 65,41 66,42 67,42 68,43 69,44 70,45 71,46 72,46 73,46 74,45 75,45 76,44 77,44 78,45 79,46 79,47 79,48 80,49 79,50 79,51 79,52 79,53 80,54 81,55 82,56 83,57 84,58 85,59 86,60 87,61
19,48 18,48 17,48 16,47 16,46 16,45 17,44 18,43 19,44 20,43 21,42 22,41 23,40 24,39 25,38 26,37 27,36 28,35 29,34 30,33 31,32
89,21 88,20 87,20 86,21 85,21 84,20 83,19 82,18 81,17 80,16 79,15 78,14 77,13 76,12 77,11 76,10
51,70 50,69 49,68 48,67 47,66 46,65 45,64 44,63 43,62 42,61 41,61 40,60 39,60 38,59 37,58 36,59 35,60 34,61 33,62 32,63 31,64 30,65 29,66
34,99 35,99 36,99 37,98 36,97 37,96 36,95 35,94 34,93 33,92 32,91 31,90 30,89 29,88 28,87 27,86 26,85 25,84 24,83 23,82 22,81 21,80 20,79 21,78 22,77 23,76 24,75 24,74
80,42 81,43 82,44 83,45 84,45 85,44 86,43 87,42 88,41 89,40 90,39 91,38 92,37 93,36 94,35 95,34 96,33 97,32 98,31 99,30 99,29 99,28 99,27 99,26 99,25 99,24 99,23 99,22 99,21 99,20 99,19 99,18 98,17
15,64 16,65 17,65 18,64 19,63 20,63 21,62 22,61 23,60 24,59 25,58 26,57 27,56 28,55 29,54 30,53 31,52 32,51
14,36 13,37 13,38 14,39 14,40 13,41 12,42 11,43 11,44 12,45 13,46 14,47 15,48 15,49 15,50 15,51 16,52 17,53 18,54
70,93 71,92 72,91 73,90 74,89 75,88 76,87 76,86 77,85 78,84 79,83 80,82 81,81 82,80 83,79 84,78 85,77 86,76 87,75 86,74 87,73 88,72 89,71 90,70 91,69 92,68 93,67
84,37 83,36 82,35 81,34 80,33 79,32 78,31 77,30 76,29 75,28 74,27 73,26 72,27 71,27 70,27 69,27 68,28 67,28 66,28 65,27 64,26 63,25 62,24 61,23 60,22 59,21 58,20 57,19 56,18 55,17 54,16 55,15 56,14 56,13
25,3 26,4 27,5 28,6 29,7 30,8 31,9 32,9
58,99 57,99 56,99 55,98 54,97 53,96 52,95 51,94 50,93 49,92 48,92 47,93 46,94 45,95 44,96 43,96 42,96 41,96 40,95 39,96 38,97 37,98 36,99 35,99 34,99 33,99 32,99 31,99 30,99 29,99 28,98 29,97
71,68 70,67 69,67 68,67 67,66 66,65 65,66 64,67 63,68 62,69 61,70 60,71 59,72 58,73
