48,75 49,75 50,76 51,77 51,78 51,79 51,80 50,81 49,82 48,82 47,83 47,84 46,85 45,86 45,87 44,88 44,89 44,90 44,91 45,92 45,93 46,94 46,95 45,96 44,97 43,98 42,97 41,96 40,96 39,95 39,94 39,93 38,92 37,91 36,90 35,89 34,88 33,89 32,89 31,89 30,90 29,90 28,91 27,90 26,89 26,88 27,87 28,86 29,85 30,85 31,85 32,85 33,85 34,86 35,85 36,85 37,85 38,85 39,85 40,85 41,86 42,85 43,84 43,83 43,82 42,81 41,80 41,79 41,78 42,77 43,77 44,77 45,77 46,76 47,76
94,92 93,92 92,92 91,93 90,94 89,94 88,94 87,94 86,94 86,93 85,92 84,91 83,90 82,90 81,90 80,91 79,91 78,91 77,91 76,91 75,92 75,93 75,94 76,95 77,95 78,95 79,95 80,96 81,96 82,97 83,97 84,98 85,99 86,99 87,99 88,99 89,99 90,99 91,98 92,98 93,98 94,99 95,99 96,99 97,99 98,99 99,98 99,97 99,96 99,95 98,94 97,93 96,93 95,93
71,55 70,55 69,55 68,56 67,57 68,58 68,59 68,60 68,61 69,62 70,63 71,63 72,62 73,61 73,60 73,59 73,58 73,57 72,56
13,54 12,54 11,54 10,54 9,54 8,55 7,56 7,57 8,58 9,59 10,59 11,60 11,61 10,62 10,63 10,64 9,65 9,66 10,67 11,67 12,67 13,67 14,68 15,68 16,67 17,66 18,66 19,66 20,66 21,66 22,65 22,64 21,63 21,62 20,61 19,60 18,60 17,60 16,60 15,60 14,60 13,59 13,58 13,57 13,56 14,55
46,51 45,52 46,53 47,52
61,36 60,36 59,36 58,36 57,37 56,38 56,39 56,40 56,41 57,42 58,43 59,43 60,44 61,44 62,45 63,45 64,45 65,45 66,44 66,43 66,42 66,41 65,40 64,39 63,38 62,37
2,47 1,47 0,48 0,49 0,50 0,51 1,52 1,53 2,54 3,54 4,55 5,54 6,53 5,52 5,51 5,50 5,49 4,48 3,48
46,17 45,17 44,17 43,17 42,18 41,19 41,20 40,21 39,22 39,23 38,24 38,25 37,26 36,27 36,28 36,29 36,30 36,31 37,32 38,32 39,31 40,31 41,30 42,29 43,30 44,31 45,31 46,31 47,30 48,29 48,28 48,27 48,26 47,25 46,26 45,25 44,25 45,24 45,23 46,22 47,21 47,20 47,19 47,18
36,18 35,19 36,20 37,19
74,74 73,75 74,76 75,75
98,55 97,55 96,55 95,55 94,56 93,56 92,56 91,56 90,56 89,55 88,56 88,57 88,58 89,59 90,59 91,60 92,61 93,61 94,61 95,61 96,61 97,61 98,61 99,60 99,59 99,58 99,57 99,56
43,68 42,67 41,66 40,66 39,65 38,65 37,64 36,64 35,63 34,63 33,62 32,61 31,61 30,61 29,61 28,62 27,63 26,64 26,65 26,66 27,67 28,67 29,67 30,67 31,67 32,67 33,68 33,69 34,70 35,71 35,72 34,72 33,72 32,73 31,74 31,75 31,76 32,77 33,78 34,79 35,78 36,77 37,76 37,75 37,74 38,73 39,73 40,73 41,72 42,71 43,70 44,69
43,68 42,67 41,66 40,66 39,65 38,65 37,64 36,64 35,63 34,63 33,62 32,61 31,61 30,61 29,61 28,62 27,63 26,64 26,65 26,66 27,67 28,67 29,67 30,67 31,67 32,67 33,68 33,69 34,70 35,71 35,72 34,72 33,72 32,73 31,74 31,75 31,76 32,77 33,78 34,79 35,78 36,77 37,76 37,75 37,74 38,73 39,73 40,73 41,72 42,71 43,70 44,69
44,38 43,37 42,37 41,37 40,37 39,38 39,39 39,40 39,41 40,42 41,43 42,43 43,43 44,43 45,43 46,43 47,43 48,44 49,45 50,46 50,47 49,48 49,49 49,50 49,51 49,52 50,53 51,54 51,55 52,56 53,57 54,58 54,59 54,60 54,61 55,62 56,63 57,62 58,61 59,61 60,60 60,59 61,58 61,57 60,56 59,56 58,55 57,54 57,53 57,52 57,51 56,50 55,49 54,49 53,48 52,47 52,46 52,45 53,44 54,43 54,42 53,41 52,41 51,41 50,40 49,40 48,40 47,40 46,40 45,39
68,69 67,69 67,68 67,67 66,66 65,65 64,65 63,66 63,67 63,68 62,69 62,70 61,70 60,70 59,70 58,71 59,72 59,73 60,74 61,75 62,76 63,76 64,76 65,75 66,75 66,76 66,77 65,78 65,79 66,80 66,81 67,82 68,82 69,81 70,80 70,79 70,78 71,77 72,76 73,75 73,74 72,73 72,72 71,71 70,70 69,70
2,2 1,2 0,3 0,4 0,5 0,6 0,7 0,8 0,9 0,10 0,11 0,12 0,13 0,14 0,15 0,16 0,17 0,18 1,19 2,20 3,21 4,22 5,23 5,24 5,25 5,26 5,27 5,28 6,29 7,28 8,27 8,26 8,25 9,24 9,23 9,22 10,21 10,20 10,19 10,18 9,17 9,16 9,15 9,14 9,13 9,12 10,11 11,10 10,9 9,8 8,7 7,6 6,6 5,5 4,5 3,4 3,3
15,91 14,91 13,91 12,91 11,90 10,89 9,89 8,88 7,87 6,87 5,87 4,87 3,88 3,89 3,90 4,91 5,92 6,92 7,93 8,94 8,95 8,96 8,97 8,98 9,99 10,99 11,99 12,98 13,97 14,97 15,97 16,98 17,99 18,99 19,99 20,99 21,99 22,99 23,98 23,97 22,96 21,96 20,95 19,95 18,95 17,94 16,95 15,94 15,93 16,92
74,39 75,39 76,40 77,41 77,42 77,43 77,44 77,45 78,46 78,47 78,48 79,49 79,50 80,51 81,51 82,50 83,50 84,49 85,49 86,50 86,51 86,52 86,53 86,54 85,55 85,56 84,57 83,57 82,57 81,56 80,55 79,54 78,53 78,52 77,52 76,52 75,51 74,51 73,50 72,50 71,50 70,50 69,49 68,49 67,48 67,47 68,46 69,45 70,44 71,44 71,43 72,42 72,41 73,40
61,21 60,22 61,23 62,22
85,35 84,36 84,37 84,38 84,39 84,40 85,41 86,40 87,39 86,38 86,37 86,36
53,8 52,9 53,10 54,9
41,52 40,51 39,50 38,49 37,48 36,47 35,47 34,47 33,47 32,47 31,48 30,49 30,50 31,51 32,51 33,52 34,52 35,53 35,54 35,55 35,56 36,57 37,58 38,58 39,58 40,58 41,58 42,57 43,56 43,55 42,54 42,53
75,24 76,24 77,24 78,25 79,26 80,26 81,27 81,28 82,28 83,29 84,30 85,31 85,32 85,33 84,34 83,35 82,35 81,35 80,35 79,34 78,34 77,35 76,35 75,36 74,36 73,36 72,35 72,34 72,33 72,32 72,31 72,30 71,29 71,28 70,27 71,26 72,25 73,25 74,25
84,4 83,5 83,6 82,7 82,8 81,9 81,10 80,11 80,12 80,13 80,14 81,15 82,15 83,14 84,13 85,12 86,12 87,12 88,11 89,10 89,9 89,8 89,7 89,6 88,5 87,5 86,5 85,5
21,0 20,0 19,0 18,0 17,1 18,2 19,2 19,3 20,4 21,3 22,4 23,4 24,3 25,3 26,2 26,1 25,0 24,0 23,0 22,0
56,6 57,6 58,7 58,8 58,9 58,10 58,11 59,12 60,12 61,12 62,11 63,11 64,12 63,13 62,14 62,15 62,16 62,17 62,18 62,19 62,20 61,21 60,22 59,23 58,23 57,22 56,21 56,20 55,19 55,18 55,17 55,16 55,15 55,14 55,13 55,12 55,11 55,10 54,9 54,8 55,7
94,51 93,52 94,53 95,52
2,58 1,59 2,60 3,59
72,0 71,0 70,0 69,1 70,2 71,3 72,2 73,1
50,58 49,59 50,60 51,59
5,31 4,32 5,33 6,32
56,91 55,92 56,93 57,92
47,11 46,11 45,12 46,13 47,13 48,12
56,87 55,87 54,87 53,87 52,87 51,88 51,89 51,90 52,91 52,92 53,93 54,92 55,91 56,90 56,89 57,88
69,83 68,83 67,83 66,84 66,85 65,85 64,86 64,87 63,87 62,86 61,86 60,85 59,84 58,85 57,86 56,87 57,88 58,89 59,89 60,89 61,90 62,90 63,89 64,89 65,89 66,89 67,89 68,89 69,89 70,89 71,88 72,87 72,86 71,85 70,84
56,95 55,96 55,97 54,98 55,99 56,99 57,99 58,99 59,99 60,98 59,97 58,96 57,96
12,46 11,46 10,47 10,48 10,49 11,50 11,51 12,52 12,53 13,54 14,54 15,53 16,53 17,54 17,55 18,56 19,57 20,57 21,57 22,56 23,55 23,54 23,53 23,52 23,51 23,50 23,49 23,48 22,47 21,47 20,47 19,48 18,48 17,49 17,50 16,51 15,50 14,49 14,48 13,47
80,70 79,71 78,70 77,70 76,69 76,68 76,67 77,66 78,65 79,65 80,64 81,63 81,62 81,61 82,60 83,59 84,59 85,60 85,61 86,61 87,62 86,63 86,64 86,65 86,66 86,67 87,67 88,68 89,69 89,70 90,71 91,71 92,71 93,71 94,72 95,73 96,74 96,75 95,76 94,77 93,78 92,77 91,76 90,75 90,74 89,73 88,73 87,73 86,72 85,71 84,70 83,69 82,69 81,69
31,8 30,8 29,8 28,8 27,8 26,9 26,10 26,11 25,12 25,13 24,14 23,14 22,15 21,16 22,17 23,18 24,18 25,19 26,18 27,17 28,16 29,15 30,15 31,14 31,13 32,12 32,11 32,10 32,9
73,13 72,13 71,13 70,13 69,14 68,15 68,16 68,17 68,18 69,19 70,20 71,20 72,20 73,20 74,19 74,18 74,17 75,16 75,15 74,14
33,0 32,0 31,0 30,0 29,1 28,1 27,2 27,3 28,4 29,4 30,5 31,5 32,4 33,4 34,3 34,2 34,1
17,31 18,31 19,31 20,32 21,33 22,33 23,34 22,35 21,35 20,36 19,35 18,34 17,33 16,32
67,23 66,24 67,25 68,24
37,80 36,81 37,82 38,81
22,35 21,35 20,36 20,37 20,38 21,39 21,40 22,41 23,42 24,42 25,42 26,42 27,42 28,42 29,41 29,40 29,39 30,38 29,37 28,36 28,35 27,34 26,34 25,35 25,36 24,36 23,36
88,78 87,79 88,80 89,79
36,96 35,97 34,97 33,97 32,96 31,97 30,98 31,99 32,99 33,99 34,99 35,99 36,99 37,99 38,98 37,97
19,7 18,7 17,7 16,8 16,9 16,10 16,11 17,12 18,13 19,12 19,11 20,10 20,9 20,8
15,31 14,31 13,32 14,33 15,33 16,32
49,21 48,22 49,23 50,22
