60,109 61,108 62,107 63,106 64,105 63,104 64,103 63,102 62,101 63,100 64,99 65,98 66,97 67,96 68,95 68,94 69,93 70,93 71,93 72,93 73,93 74,94 75,94 76,95 77,96 78,96 79,95 80,94 81,93 82,92 83,91 84,90 85,89 86,88 87,87 88,86 89,85
48,15 47,14 46,13 45,12 44,12 43,13 42,14 41,15 40,16 39,17 38,18 37,19 36,20 35,21 34,22 33,22 32,22 31,22 30,21 29,21 28,22 27,23 26,24 25,25 24,26 23,27 22,28
51,17 50,18 49,19 48,20 47,21 46,22 47,23 48,24 48,25
245,249 244,248 243,247 242,246 241,246 240,247 239,248 238,249 237,249 236,249 235,248 234,248
152,112 151,111 150,110 149,109 148,108 147,107 146,106 145,105 144,104 143,103 142,102 141,101 140,100 139,99 138,99 137,98 136,97 135,96 134,95 133,94 132,93 131,92 132,91 131,90 132,89 133,88 134,87 135,86 136,85 137,84 137,83
66,70 65,69 64,68 63,67 62,66 61,65 60,64 59,63 58,62 57,62 56,63 55,64 54,65
0,86 0,87 0,88 1,89 2,90 3,91 4,92 5,91 6,90 7,89
180,190 180,191 181,192 182,193 183,194 184,195 185,196 186,197 187,198 188,199 189,200 190,200 191,201 192,202 192,203 192,204 191,205 190,206 189,207 188,208 187,209 186,210 185,211 184,212 183,213 182,214 182,215 183,216 184,217 185,218 186,219
124,0 125,1 126,1 127,2 128,3 129,4 130,5 131,6 132,7 133,8 134,9 135,9 136,9 137,8 138,9 139,9 140,10 139,11 138,12 138,13 139,14 140,15 141,16 142,17
18,85 17,84 18,83 19,82 20,81 21,80 22,79 22,78
126,6 125,7 124,8 123,9 124,10 125,11 126,12 127,13 128,14 129,15 130,16 131,17 132,18 133,19 134,20 135,21 136,22 137,23 138,24 139,25 139,26 139,27 140,28
59,177 58,176 57,175 56,174 55,173 54,172 53,171 52,170 51,169 50,168 49,167 48,166 47,165 46,164 45,164 44,164 43,163 42,162 41,161 40,160 39,159 38,158 37,158 36,159 35,160
0,35 1,36 2,37 3,38 4,37 5,36 6,37 7,37 8,38 9,39 10,40 11,41 12,42 13,41 14,40 15,39 16,38 17,37 18,36 19,35 20,34 21,33 22,32 23,32 24,31 25,31 26,30 27,29
150,215 149,216 148,217 147,218 146,219 145,220 145,221 146,222 147,223 148,224 149,225 150,226 151,227 152,228 153,229 154,230 155,231 156,232 156,233 156,234 155,235
216,109 215,110 214,111 213,112 212,113 211,114 212,115 213,116 214,117 215,118
128,13 128,14 129,15 130,16 131,17 132,18 133,19 134,20 134,21 135,22 136,23
102,205 103,204 102,203 101,202 100,201 99,200 100,199 99,198 100,197 99,196 98,195 97,194 96,193 95,192 94,191 93,190 94,189 93,188 93,187
34,18 35,19 36,20 37,20 38,19 39,18 40,18 41,17 42,16 43,17 44,17 45,18 46,19 47,19 48,18 49,17 50,16 51,15 52,15
148,249 147,248 146,247 145,246 144,245 143,244 142,243 143,242 144,241 143,240 144,239 145,238 146,237 147,236 148,235 149,234 148,233 147,232 148,231 147,230 148,229 149,228 150,227 151,226 152,225 153,224
138,80 137,79 138,78 137,77 136,76 135,75 136,74 137,73 138,72 139,71
130,78 131,79 132,79 133,80 134,81 135,82 136,83 137,84 138,85 139,86 140,87 141,87 142,86 143,85 144,84 145,83 146,82 147,81
5,244 4,243 3,242 4,241 5,240 6,239 5,238 4,237 4,236 5,235 4,234 5,233 6,232 5,231 6,230 7,229 8,228 9,227 10,226 10,225
8,244 9,245 10,246 11,247 12,248 13,248 14,247 15,246 16,246 17,245 18,245 19,245 20,245 21,244 22,245 23,245 24,244 25,243 26,242 27,241 28,240 29,239
23,121 22,120 21,119 20,118 19,118 18,117 17,117 16,116 15,116 14,115 13,114 12,113 11,112 10,111 9,110 8,109 8,108 7,107 6,106 5,105 4,104 3,104 2,104 1,104 0,103 0,102 0,101 0,100
67,37 66,38 65,39 66,40 67,41 67,42 67,43 67,44 68,45 69,46 70,47 71,48 70,49 69,50 68,51 67,52 66,53 65,54 65,55 66,56 67,57 68,58 69,59 70,60 70,61 70,62 71,63 72,64
210,12 209,11 208,10 207,10 206,11 205,12 204,13 203,14 202,14 201,14 200,15 199,16
41,47 40,48 39,49 38,50 37,51 36,52 35,53 35,54 34,55 33,56 34,57 35,58 36,59 37,60 38,61 39,62 40,63 41,64 42,65 43,66 44,67 45,68 46,69 47,70 48,71 49,72 50,73 51,74 52,75 53,76 54,77 55,78 56,78 57,77 58,76
203,190 202,189 201,188 200,187 201,186 202,185 203,184 204,183 205,182 206,181 207,180 208,179 209,178 210,177 211,176 212,176 213,176 214,175 215,174 216,173 217,172 216,171 217,170 216,169 215,168 214,167 213,166 212,165 212,164
114,84 113,83 112,82 111,81 110,80 109,79 108,78 107,77 106,76 105,75 106,74 105,73 104,72 103,71 102,70 102,69 101,68 100,67 99,66 98,65 97,64 96,63 95,62 94,61 94,60
204,116 203,117 202,118 201,119 200,120 200,121 199,122 198,123 197,124 197,125 198,126 199,127 200,128 200,129 201,130 202,131
123,240 122,239 121,238 120,237 121,236 122,235 123,234 124,233 125,232 126,231 127,230 128,229 129,228 130,227 131,226 132,225 133,224 134,223 135,222 136,221 136,220 135,219 134,218 133,217 132,216 131,216 130,215 129,214 128,213 127,214 126,215
178,167 177,166 176,165 175,164 174,163 173,162 172,161 171,160 170,159 169,158 168,157 169,156 168,155 167,154 166,153 165,152 164,151 163,150 164,149 165,148 164,147 163,146 162,145 163,144 162,143 161,142 160,141 159,140 158,139 157,138 156,137 155,136 154,136 153,137
191,111 190,110 191,109 192,108 191,107 192,106 193,105 194,104 195,103 196,102 197,101 198,100 199,99 200,98 201,97 202,96 203,95 204,94 205,93 206,92 206,91 207,90 208,89 209,90 210,90 211,89 212,88
246,139 246,140 246,141 246,142 246,143 246,144 246,145 246,146 246,147 246,148 246,149 245,150 244,151 243,151 242,151 241,150 240,149 239,148 238,147 237,146 236,145 235,144 234,143 233,144 232,143 231,143 230,144 229,145 228,146 227,147 226,148 225,149 224,150 223,151 222,152 221,153 220,154 219,155 218,156 217,156
124,41 125,42 126,43 127,44 128,43 129,43 130,42 131,42 132,42 133,43 134,44 135,45 136,46 137,47 138,48 139,49 140,50 141,49 142,50 143,51 144,52
76,99 77,98 76,97 75,96 74,95 74,94 73,93 72,92 71,91 70,90 69,89 68,88 67,87 66,86 65,87 64,88 63,89
143,228 142,227 141,226 140,225 139,224 138,223 137,222 136,221 136,220 135,219 134,218 133,217 132,216 131,216 130,215 129,214 128,213 127,212 126,211 125,210 124,209 123,208 122,207 121,207 120,208 119,209 118,210
154,141 153,140 152,139 151,138 150,137 149,136 148,135 147,134 146,133 145,132 144,133 143,134 142,134 141,134 140,133 139,132 138,131 137,130 136,129 135,128 134,127 133,126 132,125 131,124 130,123 129,122 128,121 129,120 128,119 127,118
62,78 61,77 62,76 61,75 60,74 59,73 58,72 57,71 56,70 55,69 54,68 53,67 54,66 55,65 56,64 57,63 58,62 59,61 60,60 61,59 60,58 61,57 60,56 59,55 58,54 57,53 56,52 55,51 54,50 54,49
155,70 156,71 157,72 158,73 159,74 160,75 161,76 162,75 163,74 164,73 165,72 166,71 167,70 168,70 169,70 170,70 171,71 172,71 173,72 174,72 175,73 176,74 177,74 178,73 179,72 180,71 181,70 182,69
200,188 199,187 198,186 197,187 196,188 195,189 194,190 193,191
246,0 247,0 248,0 249,1 249,2 249,3 248,4 247,5 246,6 245,7 244,8 243,9 243,10 244,11 245,12 245,13 245,14 245,15 246,16 247,17 248,18 249,19 249,20 249,21 249,22 248,23 248,24 248,25 248,26
50,23 51,24 52,25 53,26 54,27 55,28 56,29 57,30 58,31 59,32 60,33 61,34 62,35 63,36 64,35 65,36 66,37 67,38 68,39 69,40 70,41 71,42 72,43 73,44 74,44 75,43 76,42
114,206 113,205 112,204 111,203 110,202 111,201 112,200 111,199 112,198 111,197 112,196 113,195 114,194 115,193 116,192 117,191 118,190 119,189 120,188 121,187 122,186 123,185 124,184 125,183 125,182
173,210 174,211 175,212 176,213 177,214 178,215 179,216 180,217 181,218 182,219 183,220 184,221 185,221 186,220 187,219 188,218 189,217 190,217 191,216 192,215 193,214
205,29 204,28 203,27 202,26 201,25 200,24 199,23 198,22 197,22 196,22 195,21 194,20 193,20 192,21
151,69 150,68 149,67 148,66 147,65 146,65 145,66 144,67 143,66 142,65 141,64 140,63 139,62 138,61 137,60 136,59 135,58 134,57 133,56 132,55 131,54 130,53 129,52 128,51 127,52 126,51 125,50 125,49 124,48 123,47 122,46 121,45 120,44 121,43
167,201 166,200 165,199 164,198 163,197 162,196 161,195 160,194 159,193 158,192 157,191 156,190 155,189 154,188 153,187 152,186 151,185 150,184 149,183 148,182 147,183 146,184 145,185 144,186 143,186
182,145 181,144 180,143 179,143 178,142 177,141 176,140 175,139 174,138 173,137 172,136 173,135 174,134 173,133 173,132 172,131 171,130 170,129 169,128 168,127 167,126 166,125 165,124 164,124 163,124 162,124 161,123 160,123 159,122 158,121 159,120 160,119 161,118 162,117 163,116 164,115
135,130 134,130 133,129 132,128 131,127 130,127 129,128 128,129 127,130 126,130 125,131 124,132 123,133 122,134 121,135 120,136 119,137 118,136 117,136 116,135 115,134 114,133 113,132 112,133 111,134 110,135 109,136 108,137 107,138
148,218 147,217 146,216 145,215 144,214 143,213 142,212 141,211 140,210 139,209 138,208 137,207 136,206 135,205 134,204 135,203 136,202 136,201 136,200 135,199 134,198 135,197 134,196 135,195 136,194 135,193 134,192 133,191 132,190 131,189 130,188 129,188 128,189 127,189
57,35 58,34 59,33 59,32 60,31 61,30 62,29 63,29 64,30 65,30 66,29 67,28 68,27 69,26 70,25 71,24 72,23 73,22 74,21 75,20 76,19 77,18 78,18 79,18 80,18 81,17 82,16 83,15 84,14 85,13 86,12
67,201 68,202 69,203 70,204 71,205 72,206 73,207 74,208 75,209 76,210 77,211 78,212 79,213 80,212 81,211 82,210 83,209 84,208 85,207 86,206 87,205 88,204 89,203 90,202 91,201 92,200 93,199 94,198 95,197 96,196
172,110 171,109 170,108 169,107 168,106 167,105 166,104 165,103 164,102 163,101 162,100 161,99 160,98 159,97 159,96 158,95 157,94 156,93 155,92 154,91 153,90 152,89 151,88
6,229 7,230 8,230 9,230 10,231 11,231 12,232 13,233 14,234 15,235 16,236 17,237 18,238 19,239 20,240 21,241 22,242 23,241 24,240 25,239 26,238 27,238 28,237 29,236 30,235 31,234 32,233
169,159 170,160 171,161 172,162 173,163 174,164 175,165 176,166 177,167 178,168 179,169 180,170 181,171 182,172 183,173 184,174 185,175 186,176 187,177 188,178 189,179 190,180 191,181 192,181 193,181 194,180 195,179
182,191 183,192 183,193 184,194 185,195 186,196 187,197 188,198 189,199 190,200 191,201 192,202 192,203 192,204 191,205 190,206 189,207 188,208 187,209 186,209 185,208 184,207 183,206 182,205 181,204 180,203 179,203 178,204 177,205 176,206 175,207 174,208 173,209 172,210 171,211 170,211 169,212 168,213 167,213 166,213 165,212 164,211 163,210 162,211 161,212 160,213 159,214 158,215 157,216
219,108 220,108 221,107 222,106 223,106 224,105 225,104 226,103 227,102 228,101 229,101 230,101 231,101 232,100
78,39 77,38 76,37 75,36 74,35 73,35 72,34 71,33 70,32 69,31 69,30 68,29 67,28 66,27 65,26 64,25 63,24 62,23 61,22 60,21 59,20 58,19 57,18 56,17 55,16 54,15 53,14 53,13
19,20 20,21 21,22 22,23 23,24 24,25 25,26 26,27 27,28 28,29 29,30 30,31 31,30 32,30 33,30 34,31 35,32 35,33 36,34 37,35 38,36 38,37 39,38 40,39 41,40 41,41 42,42 43,43 44,44 45,45 46,44 47,43 48,42 49,41 48,40 49,39 48,38 49,37 49,36
26,89 27,90 28,91 29,92 30,93 31,94 32,95 33,96 34,97 35,97 36,96 37,95 38,94 39,94 40,93 41,92 42,91 43,90 44,89 45,88 46,87 47,86
2,172 1,171 0,170 1,169 0,168 1,167 0,166 1,165 0,164 1,163 0,162 1,161 0,160 1,159 0,158 1,157 0,156 1,155 0,154 1,153 0,152 1,151 0,150 0,149 1,148 0,147 1,146 0,145 1,144 0,143 1,142
62,14 61,14 60,15 59,16 58,17 57,18 56,19 56,20 57,21 58,22 59,23 60,24
27,134 26,133 25,132 24,131 23,130 22,129 21,129 20,130 19,131 18,130 17,130 16,130 15,129 14,128 13,127 12,126 11,125 10,124 9,123 10,122 11,121 12,120 12,119
1,123 0,122 1,121 0,120 1,119 0,118 1,117 0,116 0,115 1,114 0,113 1,112 0,111 0,110
243,10 242,10 241,10 240,11 239,12 238,13 238,14 237,15 236,16 235,17 234,18 233,19 232,20 231,21 230,22 229,23 228,24 228,25 228,26 228,27 227,28 228,29 227,30 226,31 225,32 224,32 223,33 222,34 221,35 220,36 219,37 218,38
201,105 200,104 199,103 198,102 197,101 196,100 195,99 194,99 193,98 192,97 191,96 190,95 189,94 188,93 187,92 186,92
103,218 102,217 101,216 100,217 99,218 98,219 97,220 96,220 95,220 94,220 93,221 92,222 91,223 90,224 89,225 88,226 87,227 86,228 85,229 84,230 83,231 82,232 82,233 83,234 84,235 85,234
109,70 108,69 107,68 106,67 105,66 104,65 103,64 102,63 101,62 102,61 103,60 104,59 105,58 106,57 107,56 106,55 107,54
114,59 115,58 116,57 117,56 118,55 119,54 120,53 121,52 122,51 123,50 123,49 124,48 125,47 125,46 126,45 127,44 128,43 129,43 130,42
221,177 220,176 219,175 218,174 217,173 216,173 215,174 214,174 213,174 212,173 211,173 210,174 209,175 208,176 207,177 206,178 205,179 204,180 203,181 202,181 201,182 200,183 199,184 198,185 197,186 196,187 195,188 194,188 193,188 192,189 191,190
54,4 55,5 56,5 57,5 58,5 59,5 60,6 60,7 59,8 58,9 57,10 56,11 55,12 54,13 53,14 52,15 52,16 51,17 51,18 52,19 53,20 54,21
159,40 160,41 161,42 162,41 163,41 164,40 165,40 166,41 167,42 168,43 169,44 170,45 171,46 172,47 173,48 174,49 175,49 176,48 177,48 178,48 179,48 180,49 181,49 182,50 183,51 184,52 184,53 184,54 184,55 185,56 186,57 187,58
176,223 177,224 178,225 179,225 180,224 181,223 182,222 183,221 184,220 185,219 186,218 187,217 188,216 189,215
137,3 137,4 138,5 139,6 140,7 141,8 142,9 143,10 144,11 145,12 146,13 147,14 148,15 149,16 150,17 151,18 152,19 153,20 154,21 155,21 156,20 157,19
236,224 235,225 234,226 233,227 233,228 234,229 235,230 236,231 237,232 238,233 239,234 240,235 241,236 242,237 243,238 244,239 245,240 246,241 247,242 248,243 248,244 249,245 249,246
200,14 199,15 199,16 198,17 197,18 198,19 198,20 198,21 197,22 196,23 196,24 197,25 198,26 199,27 199,28 200,29 200,30 201,31 202,32 203,33 203,34 203,35 204,36 205,37
115,164 116,165 117,165 118,166 119,167 120,168 121,169 122,169 123,170 124,170 125,171 126,172 127,173 128,174 129,175 130,176 131,177 132,178 133,179 134,179 135,179 136,178 137,177 138,176 139,175 140,174 141,173 142,172
194,240 193,239 192,238 191,237 190,236 191,235 192,234 191,233 191,232 190,231 189,230 188,229 187,228 186,227 185,228 184,229 183,230 182,231 181,232 180,233 179,234 178,235
72,25 71,24 70,23 71,22 70,21 71,20 70,19 69,18 68,17 67,16 66,15 65,14 64,13 63,12 62,11 61,10 60,9 59,8 60,7 61,6 60,5 59,4 58,3 57,2 58,1
23,121 22,120 21,119 20,118 21,117 20,116 19,115 20,114 19,113 20,112 19,111 20,110 19,109 19,108 18,107
145,240 144,239 145,238 146,237 147,236 148,235 149,234 148,233 147,232 147,231 146,230
202,76 201,76 200,77 199,78 198,79 197,80 196,81 195,82 194,83 193,84 192,85 191,86 191,87 190,88 189,88 188,89 187,90 186,91
138,51 138,52 139,53 140,54 141,55 142,56 143,57 144,58 145,59 146,60 147,61 148,62 149,63 150,64 151,64 152,63 153,62 154,61 155,60
166,141 167,142 168,143 169,144 170,145 171,146 172,147 173,148 174,149 175,149 176,150 177,151 178,152 179,153 180,154 181,155 182,156 183,157 184,158 185,159 186,160 187,161 188,162 189,163 190,164 191,165 192,166 193,167 194,168 195,169
245,122 244,121 243,120 242,119 243,118 242,117 241,116 240,115 239,114 238,113 237,112 236,112 235,111 234,110 233,109 232,108 231,107 230,106 229,106 228,106 227,106 226,105 225,104 224,105
33,227 32,226 33,225 34,224 35,224 36,224 37,225 38,226 39,227 40,228 41,229 42,230 43,231 44,232 45,233 46,234 47,234 48,233 49,233 50,232 51,231 52,230 53,229 54,228 55,227 56,226 57,225 58,224
134,108 133,107 132,106 131,105 130,104 129,103 128,102 127,101 126,100 125,99 124,98 125,97 126,96 127,95 128,94 129,93 130,92 131,91 130,90 129,89 128,88 127,87 126,86 125,85 124,86 123,87 122,86 121,85 120,84 119,83 118,82 117,81 116,80 115,79 114,78 113,77 112,77 111,76 110,76 109,77 108,78
178,6 177,5 176,5 175,5 174,4 173,3 172,2 171,1 170,1 169,2 168,3 167,4 166,5 165,6
101,10 100,9 99,9 98,10 97,11 96,12 95,13 94,14
212,243 213,244 214,245 215,246 216,247 217,248 218,249 219,249 220,249 221,249 222,249 223,249 224,249 225,249 226,249 227,249 228,249 229,249 230,249 231,249 232,249 233,249 234,248
66,223 67,224 68,225 69,226 70,227 71,228 72,229 73,230 74,231 75,232 76,231 77,230 78,229 79,228 80,227 81,226 82,225 83,224 84,223 85,222 86,221 87,220
173,205 174,206 175,207 176,208 177,208 178,207 179,208 180,209 181,210 182,211 183,212 184,212 185,211 186,210 187,209 188,208 189,207 190,206 191,205 192,204 193,203 192,202 191,201 190,200 189,199 188,198 187,197 186,196 185,195 184,194 183,193 182,193 181,192 180,191 179,190 178,189 177,188 176,187
241,157 240,156 239,156 238,155 237,154 236,154 235,153 234,153 233,153 232,152 231,151 230,150 229,149 228,148 227,147 226,146 225,145 224,144 223,143 222,142 221,141 220,140 219,139 220,138 219,137 218,136 217,135 216,134 215,133 214,132 213,131 212,131
49,48 50,49 51,50 52,51 53,52 54,53 55,53 56,52 57,53 58,54 59,55 60,56 61,57 62,58 63,58 64,59 65,60 66,60 67,59 68,59 69,59 70,60 71,61 72,62 73,63 74,64 75,65 76,65 77,64
100,131 99,130 98,129 97,128 96,128 95,127 94,126 93,126 92,127 91,128 90,129 89,130 88,131 87,132 86,131 85,130 84,129 83,128 82,127 81,126 80,125 79,124 78,123 79,122 78,121 77,120 76,119 75,118 74,117 75,116 76,115 77,114
138,152 137,151 136,150 135,149 136,148 135,147 136,146 137,145 136,144 135,143 134,142 133,141 132,140 131,139 130,138 129,137 128,136 127,135 126,134 125,133 124,132 123,133 122,134 121,135 120,136 119,137 118,137 117,138 116,139 115,140 114,141
30,44 29,43 28,42 27,41 26,40 25,40 24,41 23,41 22,41 21,40 20,39 19,40 18,41 17,41 16,42
45,110 44,109 43,108 44,107 45,106 46,105 45,104 46,103 47,102 46,101 47,100 48,99 48,98
166,178 167,178 168,178 169,178 170,178 171,178 172,177 173,176 174,175 175,174 176,173 177,172 178,171 177,170 176,169 175,168 174,167 173,166 172,165 171,164 170,163 171,162 170,161 171,160 172,159 173,158 174,157 174,156 175,155 176,154 177,153
