69,56 68,55 67,54 66,53 65,52 64,51 63,50 62,49 61,48 62,47 63,46 63,45 64,44 65,43 66,42 67,41 68,40 68,39
171,7 170,8 169,9 169,10 170,11 171,12 171,13 172,14 172,15 172,16 171,17 170,18 169,19 168,20 167,21 166,22 167,23 168,24 169,25 170,26 169,27 169,28 168,29 167,29 166,30 165,30 164,29
223,129 222,128 221,127 220,126 219,125 218,124 217,125 216,126 215,127 214,128 213,129 212,130 211,131 210,132 209,133 208,134 207,135 206,136 205,137 204,138 203,139 202,140 201,141 200,142 199,143 198,144 197,145
213,241 214,242 215,242 216,241 217,241 218,240 219,239 220,238 221,238 222,239 222,240 221,241 220,242 219,243 219,244
199,129 200,128 201,127 202,126 203,126 204,126 205,126 206,125 207,125 208,126 209,127 210,128 211,128 212,129 213,130 214,131 215,132 216,133 217,134 218,135 219,136 220,136 221,135 222,134 223,135 224,136 225,136 226,137 227,136
164,103 163,102 162,101 161,100 160,99 159,98 158,97 157,96 156,95 155,94 154,93 153,92 152,91 153,90 154,89 155,88 156,87 157,86 156,85 157,84 158,83 159,82 160,81 161,80 162,79
125,24 124,25 123,26 122,27 121,28 122,29 123,30 124,31 125,32 126,33 127,34 128,35 129,36 130,35 131,34 132,33
63,125 62,126 61,127 62,128
26,213 25,212 24,211 23,210 22,209 21,210 20,211 19,212 18,213 17,214 17,215 18,216 19,217 20,218 21,219 22,220 23,221 24,222 25,223 26,224
121,0 120,1 120,2 119,3 120,4 121,5 122,6 123,7 124,8 125,9 126,10 127,11 127,12 128,13 129,14 130,15 131,16 132,17 133,18 134,19 135,20 136,21 137,22 138,23 139,23 140,24 141,25 142,24 143,23
66,107 65,107 64,108 63,109 63,110 62,111 61,112 60,113 59,114 58,114 57,114 56,115 55,116 54,117 53,118 52,119 51,120 50,121 49,122 48,123 47,124 46,125 45,126 45,127 46,128
25,15 24,16 23,17 22,18 21,19 21,20 20,21 19,22 18,23 17,24 16,25 16,26 17,27 18,28 19,29 20,30 21,31
2,209 1,209 0,208 0,207 0,206 0,205 0,204 1,203 0,202 1,201 0,200 1,199 0,198 1,197 0,196 1,195 0,194 1,193 0,192 1,191 0,190 1,189 0,188 1,187 0,186 1,185
245,139 244,138 243,137 242,136 241,135 242,134 243,133 244,132 245,131 244,130 245,129 244,128 245,127 244,126 243,125 244,124 243,123 242,122 241,121 240,120 239,119 238,118 237,117 236,116
122,164 121,163 120,162 119,161 118,160 117,159 116,158 115,157 114,156 115,155 116,154 117,153 118,152 119,151 120,150 121,149 122,148 121,147 120,146 119,145 118,144 119,143 120,142 120,141
169,54 168,53 167,54 166,55 165,56 164,57 163,58 162,59 161,60 160,60 159,60 158,60 157,61 156,62
199,147 198,146 197,145 196,144 195,143 194,142 193,141 192,141 191,140 190,139 189,139 188,138 187,138 186,138 185,138 184,138 183,138 182,138 181,137 180,136 179,135 178,134 179,133 180,132 181,131 182,130 181,129 182,128 183,127 183,126
176,60 177,61 178,62 179,63 180,64 181,65 182,66 183,67 184,68 185,68 186,69 187,69 188,68
58,167 59,167 60,168 61,169 62,168
85,41 84,42 83,43 82,44 81,45 80,46 79,47 80,48 81,49 82,50 83,51 84,52 85,53
9,103 8,102 7,101 6,100 5,99 4,98 3,97 4,96 5,95 6,94 7,93 8,92 9,91 10,90 11,89 12,88 13,87 14,86 15,85 16,84 17,83 18,82 19,81 20,80 21,79 22,78 23,77 22,76 23,75 23,74
83,26 84,27 85,28 86,28 87,27 88,26 89,25 90,24 91,23 92,22 93,22 94,21 95,21 96,21 97,21 98,21 99,21
224,202 225,203 226,204 227,205 228,206 229,207 230,206 231,206 232,206 233,206 234,207 234,208 234,209 234,210 234,211 233,212 232,213 231,214 232,215 233,216 234,217 235,218 235,219 236,220 237,221 238,222 239,223 240,224 241,225 242,226 243,227
25,38 24,37 23,36 22,35 21,34 20,33 19,32 18,31 17,30 18,29 19,28 20,27 21,26 22,25 23,24 24,23 25,22 26,21 27,20 28,19 29,18 30,17 30,16
153,7 152,6 151,5 150,5 149,5 148,5 147,6 146,7 145,8 144,9 143,10 142,11 141,12 140,13 139,14 138,14 137,14 136,15 135,16
32,249 31,248 30,247 29,246 28,245 27,244 26,243 25,242 24,241 23,240 22,239 21,239 20,240 19,241 18,242 17,243 16,244 15,244 14,244 13,243 12,243 11,242 10,241 9,240 8,241 7,242 6,243 5,244 4,245 3,246
22,83 23,84 24,84 25,85 26,86 27,87 28,88 29,89 29,90 30,91 30,92 31,93 32,94 33,95 34,96 34,97 34,98 35,99 36,100 37,101 38,102 39,103 40,104 41,105 42,106 43,107 44,108 45,109 46,110 46,111
198,163 197,164 196,165 197,166 198,167 199,168 200,169 200,170 200,171 200,172 200,173 200,174 200,175 200,176 201,177 201,178 200,179 201,180 202,181 203,182 204,183 205,184
74,65 73,64 72,63 71,62 70,62 69,63 68,64 67,65 66,65 65,65 64,65 63,65 62,66 61,67 60,68 59,68 58,69 57,69 56,69 55,68 54,69 53,70 52,71 51,72 50,73 49,74 48,75 47,76 46,77 45,78 44,79 43,80 42,81 43,82 42,83 41,84 40,85 39,86 40,87 41,88 42,89 43,90 44,91 45,92 46,93 47,94
108,156 109,155 110,155 111,155 112,155 113,156 114,156 115,157 116,158 117,159 118,160 119,159
103,34 102,33 101,32 100,31 99,30 98,29 99,28 100,27 101,26 102,25 103,24 104,23 105,22 104,21 103,20 102,19 101,18 100,17 99,18 98,19
196,104 197,104 198,103 199,102 200,101 201,100 202,99 203,98 204,97 203,96 204,95 203,94 202,93 203,92 204,91
23,110 24,111 25,112 26,113 27,114 28,115 29,116 30,117 31,118 32,119 33,120 34,119
10,61 11,62 12,63 13,62 14,61 15,60 16,60 17,59 18,58 19,57 20,56 21,55 20,54 21,53 20,52 20,51 19,50
100,185 99,184 98,183 97,182 96,181 95,180 94,179 93,178 92,177 91,176 90,175 91,174 92,173 92,172 93,171 94,170 95,169 96,168 97,169 98,170 99,170 100,170 101,171 102,172 103,173 104,174 105,173
228,153 229,154 230,155 231,156 232,157 233,158 234,159 235,160 236,161 237,162 238,162 239,161 240,161 241,160 242,160 243,160 244,161 245,162 245,163
51,179 50,180 49,181 48,182 47,183 47,184 47,185 46,186 45,187 44,187 43,187 42,187 41,186 40,186 39,186 38,185 37,185 36,184 35,185 34,186 33,187 32,188 31,189 30,190
197,101 196,102 195,103 196,104 196,105 195,106 194,107 193,108 192,109 192,110 193,111 194,112 195,113 196,114 197,115 198,116 199,117 200,118 201,119 202,120 203,119 204,118 205,117 206,116 207,115 206,114 207,113 208,112 209,111 210,110
8,88 9,89 10,90 11,89 12,88 13,87 14,87 15,86 16,85
182,242 183,243 184,244 185,245 186,245 187,244 188,243 189,242 190,241 190,240 189,239 190,238 189,237 188,236 187,235 186,234 187,233 188,232 189,231 190,230 191,229 192,228 193,227 194,226 195,225 196,224 197,223 198,222 199,221 200,220 201,219 202,218 203,217 204,216 205,215 206,214 207,213 206,212
16,215 16,216 17,217 18,218 19,219 19,220 20,221 20,222 20,223 19,224 18,225 17,226 17,227 18,228 17,229 18,230 19,231 20,232 21,233 22,234 23,235 24,236 25,237
239,143 238,142 237,141 236,140 235,139 234,138 233,137 232,136 231,135 230,134 229,133 228,132 227,131 226,130 225,129 224,128 225,127 226,126 227,125 228,124 229,123 230,122
31,185 30,184 29,183 28,184 27,183 26,182 25,181 24,180 23,179 22,178 21,177 20,176 19,176 18,175 17,174 16,173 15,174 14,175 13,176 12,177
71,192 72,191 72,190 73,189 72,188 71,187 70,186 69,185 68,184 67,183 66,184 65,185 64,186 63,187 62,188 61,189 60,190 61,191 62,192 63,193
246,41 245,40 244,39 243,38 242,37 241,36 240,35 239,34 238,34 237,35 236,36 235,37 234,38 233,39 232,40 231,41 230,42 229,43 228,44 227,45 226,46 225,47 224,48 223,49 222,49 221,50 220,50 219,51 218,52
51,167 50,168 49,169 49,170 49,171 50,172 51,173 52,174 53,175 54,176 55,177 56,178 57,179 58,180 59,181 60,181 61,182 62,182 63,183 64,184 65,185 66,185 67,185 68,185
222,88 221,89 220,90 219,91 220,92 221,93 222,94 223,95 224,96 225,97 226,98 227,99 226,100 225,101 224,102 223,103 222,104 221,105 220,106 219,107 219,108 218,109 217,110 218,111 219,112
87,110 88,111 89,111 90,111 91,112 91,113 92,114 93,115 93,116 94,117 95,118 96,119 97,120 98,121 99,122 100,123 101,124 102,125 103,126 104,127 105,128 106,127 107,126
65,183 64,182 63,182 62,181 61,180 60,179 59,180 58,180 57,179 56,178 55,178 54,179 53,179 52,180 51,181 50,182 49,183 48,184 47,185 46,186 45,187 44,187 43,188 42,189 41,190 40,191 39,192 38,193 37,194 36,195 35,196 34,197 33,198 32,199 33,200 34,201 35,202 36,203 37,204 38,205 38,206 37,207 37,208 38,209 39,210 40,211
183,96 182,95 183,94 182,93 181,92 180,91 179,90 178,89 179,88 180,87 181,86 182,85 183,84 184,83 185,82 186,81 185,80 184,79 185,78 184,77 183,76 183,75 182,74 181,73 180,72 181,71 182,70 183,69
236,20 235,21 234,22 233,23 232,24 231,25 230,26 229,27 228,28 228,29 227,30 226,31 226,32 225,33 224,33 223,32 222,32 221,32 220,32 219,33 218,33 217,34
64,50 65,51 66,51 67,51 68,50 69,49 70,48 71,48 72,47 73,46
54,76 55,77 56,76 57,75 58,75 59,74
0,152 0,153 1,154 2,155 3,156 4,157 5,158 6,159 7,160 8,161 9,162 10,163 11,162 12,161 13,161 14,160 15,160 16,161 17,162 18,163 19,164 20,163
141,74 142,75 143,76 144,77 145,78 146,79 147,80 148,81 149,82 150,83 151,84 152,84 153,84 154,85 155,85 156,86 157,87 158,88 159,89 160,90 161,91 162,92 163,93 164,94 165,95 166,96 167,97 168,98 169,99 170,99
67,157 68,158 69,159 70,160 71,161 72,162 73,163 74,164 75,165 76,165 77,164 78,163 79,163 80,162 81,162 82,163 83,164 84,163 85,162 86,161 87,160
69,184 70,185 71,186 72,187 73,188 74,189 75,190 76,191 77,192 78,193 79,194 80,195 81,196 82,197 83,198 84,199 85,200 86,201 87,200 88,199 89,198 90,197 91,196 92,195 93,194 94,193 95,192 96,191 97,190 98,189 99,188
71,3 70,2 69,1 68,1 67,2 66,3 65,4 64,5 63,6 62,7 61,8 60,9 59,10 58,11 57,12 56,13 55,14 54,15 53,16 53,17
103,157 102,156 103,155 102,154 101,153 100,152 99,151 98,150 97,149 96,148 97,147 98,146 99,145 98,144 99,143 100,142
83,4 84,5 85,6 86,7 87,8 88,9 89,10 90,11 91,12 92,13 93,14 94,15 95,16 96,17 97,18 98,19 99,20 100,21 101,20 102,20 103,20 104,21 105,22 106,23 107,24 108,25 109,26 110,27 111,27 112,26
128,125 127,124 126,123 125,122 124,121 125,120 124,119 125,118 126,117 127,116
119,240 120,240 121,239 122,238 123,238
22,148 21,147 22,146 23,145 24,144 25,143 26,142 27,141 28,140 29,139 30,138 29,137 28,136 27,135 26,134 27,133 28,132 28,131 29,130 30,129 31,128 32,127 32,126 33,125 34,124 35,123 36,123 37,123 38,124 39,123 40,122
87,55 86,54 85,53 84,52 85,51 86,50 87,50 88,50 89,50 90,50 91,51 92,51 93,51 94,52 95,53 96,52 97,51 98,50 99,49 100,50 101,50 102,51 103,52 103,53 102,54 101,55 101,56 100,57 99,58 99,59 98,60 97,61 97,62 96,63 95,64 94,65 93,66 92,67 91,68 91,69 92,70 92,71 93,72 94,73 95,74 96,75 96,76 95,77 94,78 93,79 94,80 95,81 96,82 97,83 98,84 99,85
18,234 19,235 20,236 21,237 22,238 23,238 24,239 25,240 26,241 27,242 28,243 29,244 30,245 31,246 32,247 33,248 34,249 35,249 36,249 37,249 38,249 39,249 40,249 41,249
157,169 156,168 155,167 154,166 153,165 152,164 151,164 150,165 149,166 148,167 147,168 146,169 145,170 144,171 143,172 142,173 141,174 140,175 139,176 138,177 137,178 136,179 135,180 134,181 134,182
87,166 88,167 89,168 90,169 91,170 92,171 93,171 94,170 95,169 96,168 97,169 98,170 99,170 100,170 101,171 102,172 103,173 103,174 103,175 103,176 103,177 104,178
126,67 125,66 124,65 123,64 122,63 121,62 120,61 119,62 118,63 117,64 116,65 115,65 114,64 113,64 112,63 111,62 110,61 109,60 108,60 107,59 106,58 105,57 104,56 103,55 102,54 103,53 104,52 105,51 105,50
26,77 25,76 24,75 23,74 22,73 21,72 20,71 19,70 18,71 17,71 16,70 15,71 14,72 13,73 12,74 11,75 10,76 9,77
86,57 85,56 84,55 83,54 82,55 81,56 80,57 79,58 78,59 77,60 76,61 75,62 74,63 73,64 72,65 71,66 71,67 72,68 73,69 74,70 75,71 76,72 77,73 78,74
21,179 20,178 21,177 22,176 23,175 24,174 25,173 26,172 27,171 28,170 29,169 30,168 31,167 32,166 33,165 34,164 35,163 36,162 37,161 38,160 39,159 40,158 41,157 42,157 43,158 44,157 45,156
96,106 95,105 94,105 93,106 92,107 91,108 90,109 89,110 88,111 87,112 86,113 85,114 84,115 83,116 82,117 81,118 80,119 80,120 81,121
144,78 145,79 146,80 147,81 148,82 149,83 150,84 151,84 152,84 153,84 154,85 153,86 153,87 152,88 152,89 153,90 154,91 155,92 156,93 157,94 158,95 159,96 160,97 161,98 162,99 163,100 164,101 165,102 166,103 167,104 168,105
179,117 180,117 181,118 182,119 183,118 184,118
87,25 86,24 85,23 84,22 83,21 82,20 81,21 80,21 79,21 78,20 77,19 76,18 75,17 74,16 73,15 72,14 71,13 70,12 69,11 68,10 67,9 66,8 65,7 64,6 63,5 62,4 61,3 60,2 59,2
167,64 166,63 165,62 164,61 163,60 162,59 163,58 162,57 163,56 162,55 163,54 164,53 163,52 162,51 161,50 160,49 159,48 158,47 157,46 156,45 155,44 154,43 153,42 152,41 151,40 150,39 149,38 148,37 147,36 146,36 145,37
39,238 40,239 41,240 42,241 43,242 44,241 45,240 46,239 47,238 48,237 49,236 50,235 49,234 48,233 47,232 46,231 45,230 44,229 43,228 42,227 41,226 40,225 39,224 38,223 37,222 38,221 39,220 40,219 41,218 41,217
173,15 172,16 171,17 170,18 169,19 168,20 167,21 166,22 167,23 168,24 169,25 170,26 169,27 169,28 169,29 170,30 171,31 172,32
66,49 65,50 64,51 64,52 63,53 62,54 61,55 60,56 59,57 58,58 57,59 56,60 55,61 54,62 53,63 52,64 52,65 52,66 52,67 52,68 51,69 50,69 49,70 48,70 47,70 46,70 45,69 44,70 43,71 42,72 41,73 40,74 39,75
36,10 37,11 38,12 39,12 40,11 41,11 42,11 43,11 44,11 45,11 46,11 47,11 48,11 49,11 50,11 51,12 52,13 53,14 54,15 55,14 56,14 57,15 58,16 58,17 57,18 57,19 58,20 59,21 60,22 61,23 62,24 63,25
55,73 56,74 57,75 58,76 59,77 60,78 61,79 62,80 63,81 64,81 65,82 66,83 67,84 68,85 69,86 70,87 71,88 72,89 73,90 74,90 75,91 76,92 77,91 78,90
126,42 126,43 126,44 125,45 125,46 125,47 125,48 125,49 125,50 124,51 124,52 123,53 122,54 121,55 120,56 119,57 119,58 118,59 118,60 118,61 119,62 120,63 121,64 122,65 123,66 124,67 125,68 126,69 127,70
247,102 246,101 245,100 244,99 243,98 242,97 241,96 240,95 239,94 238,93 237,92 236,91 235,92 234,93 233,94 232,95 231,96 230,97 229,97 228,96 227,95 226,94
98,150 97,149 96,148 97,147 96,146 96,145 97,144 98,143 99,142 100,141 99,140 98,139 99,138 98,137 97,136 96,135 95,134 96,133 97,132 98,131 99,130 100,129 99,128 100,127 99,126 100,125 100,124
125,74 124,73 123,74 122,75 121,75 120,75 119,75 118,76 117,77 116,78 115,79 114,78 113,77 112,76 111,75 110,74 109,74 108,74 107,73 106,72 105,72 104,73 103,74 102,75 101,75 100,75 99,76 98,77 97,78 96,79
8,178 9,179 10,180 11,180 12,181 13,182 13,183 13,184 14,185 15,186 16,187 17,188 18,189 19,190 20,191 21,192 22,193 22,194 22,195 23,196 22,197 22,198 23,199
52,115 51,114 50,113 49,112 48,111 47,110 46,109 45,108 44,107 43,106 42,105 41,104 40,103 39,102 38,101 37,102
216,201 216,202 216,203 215,204 214,205 213,205 212,204 211,203 210,202 209,201 208,200 207,199 206,199 205,200 204,201 203,202 202,203 201,204 200,205 199,206 198,206 197,207
78,31 77,30 76,29 75,29 74,29 73,28 72,27 71,26 70,25 69,24 68,24 67,23 66,23 65,24 64,23 63,24 62,25 61,26 60,27
59,8 58,9 57,10 56,11 55,12 55,13 56,14 57,15 58,16 58,17 57,18 57,19 56,20 56,21 56,22 57,23 57,24 57,25 57,26 56,27 55,28 55,29 54,30 53,31 54,32 55,33
27,50 26,49 25,48 26,47 25,46 24,45 23,44 22,43 21,42 20,41 21,40 20,39 19,38 18,37 17,36 16,35 15,34 16,33 17,32 18,31 19,30 20,29 21,28 22,27 23,26 24,25 25,24 26,23 27,22
204,71 203,70 202,69 201,68 200,67 199,66 198,65 198,64
213,85 214,86 215,87 216,88 217,89 218,90 219,91 220,92 221,93 222,94 223,95 224,96 225,97 226,98 227,99 228,100 229,101 230,102 231,103 232,104 233,105 234,106 235,107 236,108 237,109 238,110 239,111 240,112 241,113 242,114
224,117 223,118 222,119 222,120 223,121 224,122
108,120 107,119 108,118 109,117 110,118 111,117 112,117 113,118 114,119 115,120 116,121 117,120 118,119 119,118 120,117
74,61 73,62 72,63 71,64 70,65 69,66 68,67 69,68 70,69 71,70 72,71 73,72 74,73 74,74 74,75 73,76 74,77 75,78 76,79 77,80 78,81 78,82 79,83 80,84 81,85 82,86 83,87
93,132 92,132 91,131 90,132 89,133 88,134 87,135 86,136 85,137 84,138 83,139 82,140 81,141 80,142 79,143 78,144 77,145 76,146 75,147 74,148 73,149 72,150 71,150 70,151 69,152 68,153
203,75 204,74 205,73 206,72 207,71 208,70 209,69 210,68 211,67 212,66 213,65 214,64 215,63 216,62 215,61 216,60 217,59 218,58 219,57 220,56 221,56 222,55 223,54 224,53 225,52 226,51 227,50 228,49
236,41 235,40 234,39 233,38 232,39 231,40 230,41 229,42 228,43 227,44 226,45 225,45 224,45 223,44 222,43 221,42 222,41
54,94 55,95 56,96 57,97 58,98 59,99 60,100 61,101 62,102 63,103 64,104 65,105 65,106 66,107 67,108 68,109 69,110 70,111 71,112 72,113 73,114 74,115 75,114 76,115 77,115 78,114 79,113 80,112 81,111
